INFO - 2023-05-01 16:16:26 --> Session: Class initialized using 'CodeIgniter\Session\Handlers\FileHandler' driver.
INFO - 2023-05-01 16:16:27 --> Session: Class initialized using 'CodeIgniter\Session\Handlers\FileHandler' driver.
INFO - 2023-05-01 16:16:31 --> CSRF token verified.
INFO - 2023-05-01 16:16:31 --> Session: Class initialized using 'CodeIgniter\Session\Handlers\FileHandler' driver.
INFO - 2023-05-01 16:16:31 --> Session: Class initialized using 'CodeIgniter\Session\Handlers\FileHandler' driver.
INFO - 2023-05-01 16:16:34 --> Session: Class initialized using 'CodeIgniter\Session\Handlers\FileHandler' driver.
INFO - 2023-05-01 16:16:34 --> Session: Class initialized using 'CodeIgniter\Session\Handlers\FileHandler' driver.
INFO - 2023-05-01 16:16:34 --> CSRF token verified.
ERROR - 2023-05-01 16:16:34 --> mysqli_sql_exception: Unknown column 'p.tgl_bap' in 'field list' in /opt/lampp/lampstack-8.1.2-0/apache2/htdocs/job/palu/sikendis/system/Database/MySQLi/Connection.php:295
Stack trace:
#0 /opt/lampp/lampstack-8.1.2-0/apache2/htdocs/job/palu/sikendis/system/Database/MySQLi/Connection.php(295): mysqli->query()
#1 /opt/lampp/lampstack-8.1.2-0/apache2/htdocs/job/palu/sikendis/system/Database/BaseConnection.php(691): CodeIgniter\Database\MySQLi\Connection->execute()
#2 /opt/lampp/lampstack-8.1.2-0/apache2/htdocs/job/palu/sikendis/system/Database/BaseConnection.php(605): CodeIgniter\Database\BaseConnection->simpleQuery()
#3 /opt/lampp/lampstack-8.1.2-0/apache2/htdocs/job/palu/sikendis/system/Database/BaseBuilder.php(1616): CodeIgniter\Database\BaseConnection->query()
#4 /opt/lampp/lampstack-8.1.2-0/apache2/htdocs/job/palu/sikendis/app/ThirdParty/Titasictech/Titasictables.php(384): CodeIgniter\Database\BaseBuilder->get()
#5 /opt/lampp/lampstack-8.1.2-0/apache2/htdocs/job/palu/sikendis/app/ThirdParty/Titasictech/Titasictables.php(397): Titasictech\Titasictables->getDisplayResult()
#6 /opt/lampp/lampstack-8.1.2-0/apache2/htdocs/job/palu/sikendis/app/ThirdParty/Titasictech/Titasictables.php(305): Titasictech\Titasictables->produceOutput()
#7 /opt/lampp/lampstack-8.1.2-0/apache2/htdocs/job/palu/sikendis/app/Modules/Monitoring/MonitoringKendaraan/Models/MonitoringKendaraanModel.php(46): Titasictech\Titasictables->generate()
#8 /opt/lampp/lampstack-8.1.2-0/apache2/htdocs/job/palu/sikendis/app/Modules/Monitoring/MonitoringKendaraan/Controllers/MonitoringKendaraan.php(57): App\Modules\Monitoring\MonitoringKendaraan\Models\MonitoringKendaraanModel->getDatatable()
#9 /opt/lampp/lampstack-8.1.2-0/apache2/htdocs/job/palu/sikendis/system/CodeIgniter.php(934): App\Modules\Monitoring\MonitoringKendaraan\Controllers\MonitoringKendaraan->getDatatable()
#10 /opt/lampp/lampstack-8.1.2-0/apache2/htdocs/job/palu/sikendis/system/CodeIgniter.php(499): CodeIgniter\CodeIgniter->runController()
#11 /opt/lampp/lampstack-8.1.2-0/apache2/htdocs/job/palu/sikendis/system/CodeIgniter.php(368): CodeIgniter\CodeIgniter->handleRequest()
#12 /opt/lampp/lampstack-8.1.2-0/apache2/htdocs/job/palu/sikendis/public/index.php(67): CodeIgniter\CodeIgniter->run()
#13 {main}
CRITICAL - 2023-05-01 16:16:34 --> Unknown column 'p.tgl_bap' in 'field list'
in SYSTEMPATH/Database/BaseConnection.php on line 645.
 1 SYSTEMPATH/Database/BaseBuilder.php(1616): CodeIgniter\Database\BaseConnection->query()
 2 APPPATH/ThirdParty/Titasictech/Titasictables.php(384): CodeIgniter\Database\BaseBuilder->get()
 3 APPPATH/ThirdParty/Titasictech/Titasictables.php(397): Titasictech\Titasictables->getDisplayResult()
 4 APPPATH/ThirdParty/Titasictech/Titasictables.php(305): Titasictech\Titasictables->produceOutput()
 5 APPPATH/Modules/Monitoring/MonitoringKendaraan/Models/MonitoringKendaraanModel.php(46): Titasictech\Titasictables->generate()
 6 APPPATH/Modules/Monitoring/MonitoringKendaraan/Controllers/MonitoringKendaraan.php(57): App\Modules\Monitoring\MonitoringKendaraan\Models\MonitoringKendaraanModel->getDatatable()
 7 SYSTEMPATH/CodeIgniter.php(934): App\Modules\Monitoring\MonitoringKendaraan\Controllers\MonitoringKendaraan->getDatatable()
 8 SYSTEMPATH/CodeIgniter.php(499): CodeIgniter\CodeIgniter->runController()
 9 SYSTEMPATH/CodeIgniter.php(368): CodeIgniter\CodeIgniter->handleRequest()
10 FCPATH/index.php(67): CodeIgniter\CodeIgniter->run()
INFO - 2023-05-01 16:16:39 --> Session: Class initialized using 'CodeIgniter\Session\Handlers\FileHandler' driver.
INFO - 2023-05-01 16:16:39 --> Session: Class initialized using 'CodeIgniter\Session\Handlers\FileHandler' driver.
INFO - 2023-05-01 16:16:39 --> CSRF token verified.
WARNING - 2023-05-01 16:16:39 --> [DEPRECATED] strlen(): Passing null to parameter #1 ($string) of type string is deprecated in APPPATH/ThirdParty/Titasictech/Titasictables.php on line 492.
 1 APPPATH/ThirdParty/Titasictech/Titasictables.php(492): strlen(null)
 2 APPPATH/ThirdParty/Titasictech/Titasictables.php(401): Titasictech\Titasictables->getTotalResults()
 3 APPPATH/ThirdParty/Titasictech/Titasictables.php(305): Titasictech\Titasictables->produceOutput('json', 'utf-8')
 4 APPPATH/Modules/Monitoring/MonitoringKendaraan/Models/MonitoringKendaraanModel.php(46): Titasictech\Titasictables->generate()
 5 APPPATH/Modules/Monitoring/MonitoringKendaraan/Controllers/MonitoringKendaraan.php(57): App\Modules\Monitoring\MonitoringKendaraan\Models\MonitoringKendaraanModel->getDatatable([...])
 6 SYSTEMPATH/CodeIgniter.php(934): App\Modules\Monitoring\MonitoringKendaraan\Controllers\MonitoringKendaraan->getDatatable()
 7 SYSTEMPATH/CodeIgniter.php(499): CodeIgniter\CodeIgniter->runController(Object(App\Modules\Monitoring\MonitoringKendaraan\Controllers\MonitoringKendaraan))
 8 SYSTEMPATH/CodeIgniter.php(368): CodeIgniter\CodeIgniter->handleRequest(null, Object(Config\Cache), false)
 9 FCPATH/index.php(67): CodeIgniter\CodeIgniter->run()
WARNING - 2023-05-01 16:16:39 --> [DEPRECATED] strlen(): Passing null to parameter #1 ($string) of type string is deprecated in APPPATH/ThirdParty/Titasictech/Titasictables.php on line 492.
 1 APPPATH/ThirdParty/Titasictech/Titasictables.php(492): strlen(null)
 2 APPPATH/ThirdParty/Titasictech/Titasictables.php(402): Titasictech\Titasictables->getTotalResults(true)
 3 APPPATH/ThirdParty/Titasictech/Titasictables.php(305): Titasictech\Titasictables->produceOutput('json', 'utf-8')
 4 APPPATH/Modules/Monitoring/MonitoringKendaraan/Models/MonitoringKendaraanModel.php(46): Titasictech\Titasictables->generate()
 5 APPPATH/Modules/Monitoring/MonitoringKendaraan/Controllers/MonitoringKendaraan.php(57): App\Modules\Monitoring\MonitoringKendaraan\Models\MonitoringKendaraanModel->getDatatable([...])
 6 SYSTEMPATH/CodeIgniter.php(934): App\Modules\Monitoring\MonitoringKendaraan\Controllers\MonitoringKendaraan->getDatatable()
 7 SYSTEMPATH/CodeIgniter.php(499): CodeIgniter\CodeIgniter->runController(Object(App\Modules\Monitoring\MonitoringKendaraan\Controllers\MonitoringKendaraan))
 8 SYSTEMPATH/CodeIgniter.php(368): CodeIgniter\CodeIgniter->handleRequest(null, Object(Config\Cache), false)
 9 FCPATH/index.php(67): CodeIgniter\CodeIgniter->run()
INFO - 2023-05-01 16:16:41 --> Session: Class initialized using 'CodeIgniter\Session\Handlers\FileHandler' driver.
INFO - 2023-05-01 16:16:41 --> Session: Class initialized using 'CodeIgniter\Session\Handlers\FileHandler' driver.
INFO - 2023-05-01 16:16:41 --> CSRF token verified.
ERROR - 2023-05-01 16:16:41 --> mysqli_sql_exception: Unknown column 'p.tgl_bap' in 'field list' in /opt/lampp/lampstack-8.1.2-0/apache2/htdocs/job/palu/sikendis/system/Database/MySQLi/Connection.php:295
Stack trace:
#0 /opt/lampp/lampstack-8.1.2-0/apache2/htdocs/job/palu/sikendis/system/Database/MySQLi/Connection.php(295): mysqli->query()
#1 /opt/lampp/lampstack-8.1.2-0/apache2/htdocs/job/palu/sikendis/system/Database/BaseConnection.php(691): CodeIgniter\Database\MySQLi\Connection->execute()
#2 /opt/lampp/lampstack-8.1.2-0/apache2/htdocs/job/palu/sikendis/system/Database/BaseConnection.php(605): CodeIgniter\Database\BaseConnection->simpleQuery()
#3 /opt/lampp/lampstack-8.1.2-0/apache2/htdocs/job/palu/sikendis/system/Database/BaseBuilder.php(1616): CodeIgniter\Database\BaseConnection->query()
#4 /opt/lampp/lampstack-8.1.2-0/apache2/htdocs/job/palu/sikendis/app/ThirdParty/Titasictech/Titasictables.php(384): CodeIgniter\Database\BaseBuilder->get()
#5 /opt/lampp/lampstack-8.1.2-0/apache2/htdocs/job/palu/sikendis/app/ThirdParty/Titasictech/Titasictables.php(397): Titasictech\Titasictables->getDisplayResult()
#6 /opt/lampp/lampstack-8.1.2-0/apache2/htdocs/job/palu/sikendis/app/ThirdParty/Titasictech/Titasictables.php(305): Titasictech\Titasictables->produceOutput()
#7 /opt/lampp/lampstack-8.1.2-0/apache2/htdocs/job/palu/sikendis/app/Modules/Monitoring/MonitoringKendaraan/Models/MonitoringKendaraanModel.php(46): Titasictech\Titasictables->generate()
#8 /opt/lampp/lampstack-8.1.2-0/apache2/htdocs/job/palu/sikendis/app/Modules/Monitoring/MonitoringKendaraan/Controllers/MonitoringKendaraan.php(57): App\Modules\Monitoring\MonitoringKendaraan\Models\MonitoringKendaraanModel->getDatatable()
#9 /opt/lampp/lampstack-8.1.2-0/apache2/htdocs/job/palu/sikendis/system/CodeIgniter.php(934): App\Modules\Monitoring\MonitoringKendaraan\Controllers\MonitoringKendaraan->getDatatable()
#10 /opt/lampp/lampstack-8.1.2-0/apache2/htdocs/job/palu/sikendis/system/CodeIgniter.php(499): CodeIgniter\CodeIgniter->runController()
#11 /opt/lampp/lampstack-8.1.2-0/apache2/htdocs/job/palu/sikendis/system/CodeIgniter.php(368): CodeIgniter\CodeIgniter->handleRequest()
#12 /opt/lampp/lampstack-8.1.2-0/apache2/htdocs/job/palu/sikendis/public/index.php(67): CodeIgniter\CodeIgniter->run()
#13 {main}
CRITICAL - 2023-05-01 16:16:41 --> Unknown column 'p.tgl_bap' in 'field list'
in SYSTEMPATH/Database/BaseConnection.php on line 645.
 1 SYSTEMPATH/Database/BaseBuilder.php(1616): CodeIgniter\Database\BaseConnection->query()
 2 APPPATH/ThirdParty/Titasictech/Titasictables.php(384): CodeIgniter\Database\BaseBuilder->get()
 3 APPPATH/ThirdParty/Titasictech/Titasictables.php(397): Titasictech\Titasictables->getDisplayResult()
 4 APPPATH/ThirdParty/Titasictech/Titasictables.php(305): Titasictech\Titasictables->produceOutput()
 5 APPPATH/Modules/Monitoring/MonitoringKendaraan/Models/MonitoringKendaraanModel.php(46): Titasictech\Titasictables->generate()
 6 APPPATH/Modules/Monitoring/MonitoringKendaraan/Controllers/MonitoringKendaraan.php(57): App\Modules\Monitoring\MonitoringKendaraan\Models\MonitoringKendaraanModel->getDatatable()
 7 SYSTEMPATH/CodeIgniter.php(934): App\Modules\Monitoring\MonitoringKendaraan\Controllers\MonitoringKendaraan->getDatatable()
 8 SYSTEMPATH/CodeIgniter.php(499): CodeIgniter\CodeIgniter->runController()
 9 SYSTEMPATH/CodeIgniter.php(368): CodeIgniter\CodeIgniter->handleRequest()
10 FCPATH/index.php(67): CodeIgniter\CodeIgniter->run()
INFO - 2023-05-01 16:24:55 --> Session: Class initialized using 'CodeIgniter\Session\Handlers\FileHandler' driver.
INFO - 2023-05-01 16:24:56 --> Session: Class initialized using 'CodeIgniter\Session\Handlers\FileHandler' driver.
INFO - 2023-05-01 16:24:56 --> CSRF token verified.
WARNING - 2023-05-01 16:24:56 --> [DEPRECATED] strlen(): Passing null to parameter #1 ($string) of type string is deprecated in APPPATH/ThirdParty/Titasictech/Titasictables.php on line 492.
 1 APPPATH/ThirdParty/Titasictech/Titasictables.php(492): strlen(null)
 2 APPPATH/ThirdParty/Titasictech/Titasictables.php(401): Titasictech\Titasictables->getTotalResults()
 3 APPPATH/ThirdParty/Titasictech/Titasictables.php(305): Titasictech\Titasictables->produceOutput('json', 'utf-8')
 4 APPPATH/Modules/Data/PenggunaRutin/Models/PenggunaRutinModel.php(70): Titasictech\Titasictables->generate()
 5 APPPATH/Modules/Data/PenggunaRutin/Controllers/PenggunaRutin.php(53): App\Modules\Data\PenggunaRutin\Models\PenggunaRutinModel->getDatatable()
 6 SYSTEMPATH/CodeIgniter.php(934): App\Modules\Data\PenggunaRutin\Controllers\PenggunaRutin->getDatatable()
 7 SYSTEMPATH/CodeIgniter.php(499): CodeIgniter\CodeIgniter->runController(Object(App\Modules\Data\PenggunaRutin\Controllers\PenggunaRutin))
 8 SYSTEMPATH/CodeIgniter.php(368): CodeIgniter\CodeIgniter->handleRequest(null, Object(Config\Cache), false)
 9 FCPATH/index.php(67): CodeIgniter\CodeIgniter->run()
WARNING - 2023-05-01 16:24:56 --> [DEPRECATED] strlen(): Passing null to parameter #1 ($string) of type string is deprecated in APPPATH/ThirdParty/Titasictech/Titasictables.php on line 492.
 1 APPPATH/ThirdParty/Titasictech/Titasictables.php(492): strlen(null)
 2 APPPATH/ThirdParty/Titasictech/Titasictables.php(402): Titasictech\Titasictables->getTotalResults(true)
 3 APPPATH/ThirdParty/Titasictech/Titasictables.php(305): Titasictech\Titasictables->produceOutput('json', 'utf-8')
 4 APPPATH/Modules/Data/PenggunaRutin/Models/PenggunaRutinModel.php(70): Titasictech\Titasictables->generate()
 5 APPPATH/Modules/Data/PenggunaRutin/Controllers/PenggunaRutin.php(53): App\Modules\Data\PenggunaRutin\Models\PenggunaRutinModel->getDatatable()
 6 SYSTEMPATH/CodeIgniter.php(934): App\Modules\Data\PenggunaRutin\Controllers\PenggunaRutin->getDatatable()
 7 SYSTEMPATH/CodeIgniter.php(499): CodeIgniter\CodeIgniter->runController(Object(App\Modules\Data\PenggunaRutin\Controllers\PenggunaRutin))
 8 SYSTEMPATH/CodeIgniter.php(368): CodeIgniter\CodeIgniter->handleRequest(null, Object(Config\Cache), false)
 9 FCPATH/index.php(67): CodeIgniter\CodeIgniter->run()
INFO - 2023-05-01 16:24:59 --> Session: Class initialized using 'CodeIgniter\Session\Handlers\FileHandler' driver.
INFO - 2023-05-01 16:25:03 --> Session: Class initialized using 'CodeIgniter\Session\Handlers\FileHandler' driver.
INFO - 2023-05-01 16:25:03 --> CSRF token verified.
WARNING - 2023-05-01 16:25:03 --> [DEPRECATED] strlen(): Passing null to parameter #1 ($string) of type string is deprecated in APPPATH/ThirdParty/Titasictech/Titasictables.php on line 492.
 1 APPPATH/ThirdParty/Titasictech/Titasictables.php(492): strlen(null)
 2 APPPATH/ThirdParty/Titasictech/Titasictables.php(401): Titasictech\Titasictables->getTotalResults()
 3 APPPATH/ThirdParty/Titasictech/Titasictables.php(305): Titasictech\Titasictables->produceOutput('json', 'utf-8')
 4 APPPATH/Modules/Data/PenggunaRutin/Models/PenggunaRutinModel.php(70): Titasictech\Titasictables->generate()
 5 APPPATH/Modules/Data/PenggunaRutin/Controllers/PenggunaRutin.php(53): App\Modules\Data\PenggunaRutin\Models\PenggunaRutinModel->getDatatable()
 6 SYSTEMPATH/CodeIgniter.php(934): App\Modules\Data\PenggunaRutin\Controllers\PenggunaRutin->getDatatable()
 7 SYSTEMPATH/CodeIgniter.php(499): CodeIgniter\CodeIgniter->runController(Object(App\Modules\Data\PenggunaRutin\Controllers\PenggunaRutin))
 8 SYSTEMPATH/CodeIgniter.php(368): CodeIgniter\CodeIgniter->handleRequest(null, Object(Config\Cache), false)
 9 FCPATH/index.php(67): CodeIgniter\CodeIgniter->run()
WARNING - 2023-05-01 16:25:03 --> [DEPRECATED] strlen(): Passing null to parameter #1 ($string) of type string is deprecated in APPPATH/ThirdParty/Titasictech/Titasictables.php on line 492.
 1 APPPATH/ThirdParty/Titasictech/Titasictables.php(492): strlen(null)
 2 APPPATH/ThirdParty/Titasictech/Titasictables.php(402): Titasictech\Titasictables->getTotalResults(true)
 3 APPPATH/ThirdParty/Titasictech/Titasictables.php(305): Titasictech\Titasictables->produceOutput('json', 'utf-8')
 4 APPPATH/Modules/Data/PenggunaRutin/Models/PenggunaRutinModel.php(70): Titasictech\Titasictables->generate()
 5 APPPATH/Modules/Data/PenggunaRutin/Controllers/PenggunaRutin.php(53): App\Modules\Data\PenggunaRutin\Models\PenggunaRutinModel->getDatatable()
 6 SYSTEMPATH/CodeIgniter.php(934): App\Modules\Data\PenggunaRutin\Controllers\PenggunaRutin->getDatatable()
 7 SYSTEMPATH/CodeIgniter.php(499): CodeIgniter\CodeIgniter->runController(Object(App\Modules\Data\PenggunaRutin\Controllers\PenggunaRutin))
 8 SYSTEMPATH/CodeIgniter.php(368): CodeIgniter\CodeIgniter->handleRequest(null, Object(Config\Cache), false)
 9 FCPATH/index.php(67): CodeIgniter\CodeIgniter->run()
INFO - 2023-05-01 16:25:06 --> Session: Class initialized using 'CodeIgniter\Session\Handlers\FileHandler' driver.
INFO - 2023-05-01 16:25:42 --> Session: Class initialized using 'CodeIgniter\Session\Handlers\FileHandler' driver.
INFO - 2023-05-01 16:25:42 --> CSRF token verified.
INFO - 2023-05-01 16:25:44 --> Session: Class initialized using 'CodeIgniter\Session\Handlers\FileHandler' driver.
INFO - 2023-05-01 16:25:44 --> CSRF token verified.
WARNING - 2023-05-01 16:25:44 --> [DEPRECATED] strlen(): Passing null to parameter #1 ($string) of type string is deprecated in APPPATH/ThirdParty/Titasictech/Titasictables.php on line 492.
 1 APPPATH/ThirdParty/Titasictech/Titasictables.php(492): strlen(null)
 2 APPPATH/ThirdParty/Titasictech/Titasictables.php(401): Titasictech\Titasictables->getTotalResults()
 3 APPPATH/ThirdParty/Titasictech/Titasictables.php(305): Titasictech\Titasictables->produceOutput('json', 'utf-8')
 4 APPPATH/Modules/Data/PenggunaRutin/Models/PenggunaRutinModel.php(70): Titasictech\Titasictables->generate()
 5 APPPATH/Modules/Data/PenggunaRutin/Controllers/PenggunaRutin.php(53): App\Modules\Data\PenggunaRutin\Models\PenggunaRutinModel->getDatatable()
 6 SYSTEMPATH/CodeIgniter.php(934): App\Modules\Data\PenggunaRutin\Controllers\PenggunaRutin->getDatatable()
 7 SYSTEMPATH/CodeIgniter.php(499): CodeIgniter\CodeIgniter->runController(Object(App\Modules\Data\PenggunaRutin\Controllers\PenggunaRutin))
 8 SYSTEMPATH/CodeIgniter.php(368): CodeIgniter\CodeIgniter->handleRequest(null, Object(Config\Cache), false)
 9 FCPATH/index.php(67): CodeIgniter\CodeIgniter->run()
WARNING - 2023-05-01 16:25:44 --> [DEPRECATED] strlen(): Passing null to parameter #1 ($string) of type string is deprecated in APPPATH/ThirdParty/Titasictech/Titasictables.php on line 492.
 1 APPPATH/ThirdParty/Titasictech/Titasictables.php(492): strlen(null)
 2 APPPATH/ThirdParty/Titasictech/Titasictables.php(402): Titasictech\Titasictables->getTotalResults(true)
 3 APPPATH/ThirdParty/Titasictech/Titasictables.php(305): Titasictech\Titasictables->produceOutput('json', 'utf-8')
 4 APPPATH/Modules/Data/PenggunaRutin/Models/PenggunaRutinModel.php(70): Titasictech\Titasictables->generate()
 5 APPPATH/Modules/Data/PenggunaRutin/Controllers/PenggunaRutin.php(53): App\Modules\Data\PenggunaRutin\Models\PenggunaRutinModel->getDatatable()
 6 SYSTEMPATH/CodeIgniter.php(934): App\Modules\Data\PenggunaRutin\Controllers\PenggunaRutin->getDatatable()
 7 SYSTEMPATH/CodeIgniter.php(499): CodeIgniter\CodeIgniter->runController(Object(App\Modules\Data\PenggunaRutin\Controllers\PenggunaRutin))
 8 SYSTEMPATH/CodeIgniter.php(368): CodeIgniter\CodeIgniter->handleRequest(null, Object(Config\Cache), false)
 9 FCPATH/index.php(67): CodeIgniter\CodeIgniter->run()
