INFO - 2023-03-23 15:56:01 --> Session: Class initialized using 'CodeIgniter\Session\Handlers\FileHandler' driver.
INFO - 2023-03-23 15:56:01 --> Session: Class initialized using 'CodeIgniter\Session\Handlers\FileHandler' driver.
INFO - 2023-03-23 15:56:07 --> CSRF token verified.
INFO - 2023-03-23 15:56:07 --> Session: Class initialized using 'CodeIgniter\Session\Handlers\FileHandler' driver.
INFO - 2023-03-23 15:56:07 --> Session: Class initialized using 'CodeIgniter\Session\Handlers\FileHandler' driver.
INFO - 2023-03-23 15:58:37 --> Session: Class initialized using 'CodeIgniter\Session\Handlers\FileHandler' driver.
INFO - 2023-03-23 15:58:38 --> Session: Class initialized using 'CodeIgniter\Session\Handlers\FileHandler' driver.
INFO - 2023-03-23 15:58:38 --> CSRF token verified.
WARNING - 2023-03-23 15:58:38 --> [DEPRECATED] strlen(): Passing null to parameter #1 ($string) of type string is deprecated in APPPATH/ThirdParty/Titasictech/Titasictables.php on line 492.
 1 APPPATH/ThirdParty/Titasictech/Titasictables.php(492): strlen(null)
 2 APPPATH/ThirdParty/Titasictech/Titasictables.php(401): Titasictech\Titasictables->getTotalResults()
 3 APPPATH/ThirdParty/Titasictech/Titasictables.php(305): Titasictech\Titasictables->produceOutput('json', 'utf-8')
 4 APPPATH/Modules/Master/Kendaraan/Models/KendaraanModel.php(60): Titasictech\Titasictables->generate()
 5 APPPATH/Modules/Master/Kendaraan/Controllers/Kendaraan.php(66): App\Modules\Master\Kendaraan\Models\KendaraanModel->getDatatable()
 6 SYSTEMPATH/CodeIgniter.php(934): App\Modules\Master\Kendaraan\Controllers\Kendaraan->getDatatable()
 7 SYSTEMPATH/CodeIgniter.php(499): CodeIgniter\CodeIgniter->runController(Object(App\Modules\Master\Kendaraan\Controllers\Kendaraan))
 8 SYSTEMPATH/CodeIgniter.php(368): CodeIgniter\CodeIgniter->handleRequest(null, Object(Config\Cache), false)
 9 FCPATH/index.php(67): CodeIgniter\CodeIgniter->run()
WARNING - 2023-03-23 15:58:38 --> [DEPRECATED] strlen(): Passing null to parameter #1 ($string) of type string is deprecated in APPPATH/ThirdParty/Titasictech/Titasictables.php on line 492.
 1 APPPATH/ThirdParty/Titasictech/Titasictables.php(492): strlen(null)
 2 APPPATH/ThirdParty/Titasictech/Titasictables.php(402): Titasictech\Titasictables->getTotalResults(true)
 3 APPPATH/ThirdParty/Titasictech/Titasictables.php(305): Titasictech\Titasictables->produceOutput('json', 'utf-8')
 4 APPPATH/Modules/Master/Kendaraan/Models/KendaraanModel.php(60): Titasictech\Titasictables->generate()
 5 APPPATH/Modules/Master/Kendaraan/Controllers/Kendaraan.php(66): App\Modules\Master\Kendaraan\Models\KendaraanModel->getDatatable()
 6 SYSTEMPATH/CodeIgniter.php(934): App\Modules\Master\Kendaraan\Controllers\Kendaraan->getDatatable()
 7 SYSTEMPATH/CodeIgniter.php(499): CodeIgniter\CodeIgniter->runController(Object(App\Modules\Master\Kendaraan\Controllers\Kendaraan))
 8 SYSTEMPATH/CodeIgniter.php(368): CodeIgniter\CodeIgniter->handleRequest(null, Object(Config\Cache), false)
 9 FCPATH/index.php(67): CodeIgniter\CodeIgniter->run()
INFO - 2023-03-23 15:58:39 --> Session: Class initialized using 'CodeIgniter\Session\Handlers\FileHandler' driver.
INFO - 2023-03-23 15:59:12 --> Session: Class initialized using 'CodeIgniter\Session\Handlers\FileHandler' driver.
INFO - 2023-03-23 15:59:12 --> CSRF token verified.
WARNING - 2023-03-23 15:59:12 --> [DEPRECATED] strlen(): Passing null to parameter #1 ($string) of type string is deprecated in APPPATH/ThirdParty/Titasictech/Titasictables.php on line 492.
 1 APPPATH/ThirdParty/Titasictech/Titasictables.php(492): strlen(null)
 2 APPPATH/ThirdParty/Titasictech/Titasictables.php(401): Titasictech\Titasictables->getTotalResults()
 3 APPPATH/ThirdParty/Titasictech/Titasictables.php(305): Titasictech\Titasictables->produceOutput('json', 'utf-8')
 4 APPPATH/Modules/Master/Kendaraan/Models/KendaraanModel.php(60): Titasictech\Titasictables->generate()
 5 APPPATH/Modules/Master/Kendaraan/Controllers/Kendaraan.php(66): App\Modules\Master\Kendaraan\Models\KendaraanModel->getDatatable()
 6 SYSTEMPATH/CodeIgniter.php(934): App\Modules\Master\Kendaraan\Controllers\Kendaraan->getDatatable()
 7 SYSTEMPATH/CodeIgniter.php(499): CodeIgniter\CodeIgniter->runController(Object(App\Modules\Master\Kendaraan\Controllers\Kendaraan))
 8 SYSTEMPATH/CodeIgniter.php(368): CodeIgniter\CodeIgniter->handleRequest(null, Object(Config\Cache), false)
 9 FCPATH/index.php(67): CodeIgniter\CodeIgniter->run()
WARNING - 2023-03-23 15:59:12 --> [DEPRECATED] strlen(): Passing null to parameter #1 ($string) of type string is deprecated in APPPATH/ThirdParty/Titasictech/Titasictables.php on line 492.
 1 APPPATH/ThirdParty/Titasictech/Titasictables.php(492): strlen(null)
 2 APPPATH/ThirdParty/Titasictech/Titasictables.php(402): Titasictech\Titasictables->getTotalResults(true)
 3 APPPATH/ThirdParty/Titasictech/Titasictables.php(305): Titasictech\Titasictables->produceOutput('json', 'utf-8')
 4 APPPATH/Modules/Master/Kendaraan/Models/KendaraanModel.php(60): Titasictech\Titasictables->generate()
 5 APPPATH/Modules/Master/Kendaraan/Controllers/Kendaraan.php(66): App\Modules\Master\Kendaraan\Models\KendaraanModel->getDatatable()
 6 SYSTEMPATH/CodeIgniter.php(934): App\Modules\Master\Kendaraan\Controllers\Kendaraan->getDatatable()
 7 SYSTEMPATH/CodeIgniter.php(499): CodeIgniter\CodeIgniter->runController(Object(App\Modules\Master\Kendaraan\Controllers\Kendaraan))
 8 SYSTEMPATH/CodeIgniter.php(368): CodeIgniter\CodeIgniter->handleRequest(null, Object(Config\Cache), false)
 9 FCPATH/index.php(67): CodeIgniter\CodeIgniter->run()
INFO - 2023-03-23 16:00:48 --> Session: Class initialized using 'CodeIgniter\Session\Handlers\FileHandler' driver.
INFO - 2023-03-23 16:00:48 --> Session: Class initialized using 'CodeIgniter\Session\Handlers\FileHandler' driver.
INFO - 2023-03-23 16:00:48 --> CSRF token verified.
WARNING - 2023-03-23 16:00:48 --> [DEPRECATED] strlen(): Passing null to parameter #1 ($string) of type string is deprecated in APPPATH/ThirdParty/Titasictech/Titasictables.php on line 492.
 1 APPPATH/ThirdParty/Titasictech/Titasictables.php(492): strlen(null)
 2 APPPATH/ThirdParty/Titasictech/Titasictables.php(401): Titasictech\Titasictables->getTotalResults()
 3 APPPATH/ThirdParty/Titasictech/Titasictables.php(305): Titasictech\Titasictables->produceOutput('json', 'utf-8')
 4 APPPATH/Modules/Master/Kendaraan/Models/KendaraanModel.php(60): Titasictech\Titasictables->generate()
 5 APPPATH/Modules/Master/Kendaraan/Controllers/Kendaraan.php(66): App\Modules\Master\Kendaraan\Models\KendaraanModel->getDatatable()
 6 SYSTEMPATH/CodeIgniter.php(934): App\Modules\Master\Kendaraan\Controllers\Kendaraan->getDatatable()
 7 SYSTEMPATH/CodeIgniter.php(499): CodeIgniter\CodeIgniter->runController(Object(App\Modules\Master\Kendaraan\Controllers\Kendaraan))
 8 SYSTEMPATH/CodeIgniter.php(368): CodeIgniter\CodeIgniter->handleRequest(null, Object(Config\Cache), false)
 9 FCPATH/index.php(67): CodeIgniter\CodeIgniter->run()
WARNING - 2023-03-23 16:00:48 --> [DEPRECATED] strlen(): Passing null to parameter #1 ($string) of type string is deprecated in APPPATH/ThirdParty/Titasictech/Titasictables.php on line 492.
 1 APPPATH/ThirdParty/Titasictech/Titasictables.php(492): strlen(null)
 2 APPPATH/ThirdParty/Titasictech/Titasictables.php(402): Titasictech\Titasictables->getTotalResults(true)
 3 APPPATH/ThirdParty/Titasictech/Titasictables.php(305): Titasictech\Titasictables->produceOutput('json', 'utf-8')
 4 APPPATH/Modules/Master/Kendaraan/Models/KendaraanModel.php(60): Titasictech\Titasictables->generate()
 5 APPPATH/Modules/Master/Kendaraan/Controllers/Kendaraan.php(66): App\Modules\Master\Kendaraan\Models\KendaraanModel->getDatatable()
 6 SYSTEMPATH/CodeIgniter.php(934): App\Modules\Master\Kendaraan\Controllers\Kendaraan->getDatatable()
 7 SYSTEMPATH/CodeIgniter.php(499): CodeIgniter\CodeIgniter->runController(Object(App\Modules\Master\Kendaraan\Controllers\Kendaraan))
 8 SYSTEMPATH/CodeIgniter.php(368): CodeIgniter\CodeIgniter->handleRequest(null, Object(Config\Cache), false)
 9 FCPATH/index.php(67): CodeIgniter\CodeIgniter->run()
INFO - 2023-03-23 16:00:59 --> Session: Class initialized using 'CodeIgniter\Session\Handlers\FileHandler' driver.
INFO - 2023-03-23 16:05:36 --> Session: Class initialized using 'CodeIgniter\Session\Handlers\FileHandler' driver.
INFO - 2023-03-23 16:05:36 --> CSRF token verified.
WARNING - 2023-03-23 16:05:36 --> [DEPRECATED] strlen(): Passing null to parameter #1 ($string) of type string is deprecated in APPPATH/ThirdParty/Titasictech/Titasictables.php on line 492.
 1 APPPATH/ThirdParty/Titasictech/Titasictables.php(492): strlen(null)
 2 APPPATH/ThirdParty/Titasictech/Titasictables.php(401): Titasictech\Titasictables->getTotalResults()
 3 APPPATH/ThirdParty/Titasictech/Titasictables.php(305): Titasictech\Titasictables->produceOutput('json', 'utf-8')
 4 APPPATH/Modules/Master/Kendaraan/Models/KendaraanModel.php(60): Titasictech\Titasictables->generate()
 5 APPPATH/Modules/Master/Kendaraan/Controllers/Kendaraan.php(66): App\Modules\Master\Kendaraan\Models\KendaraanModel->getDatatable()
 6 SYSTEMPATH/CodeIgniter.php(934): App\Modules\Master\Kendaraan\Controllers\Kendaraan->getDatatable()
 7 SYSTEMPATH/CodeIgniter.php(499): CodeIgniter\CodeIgniter->runController(Object(App\Modules\Master\Kendaraan\Controllers\Kendaraan))
 8 SYSTEMPATH/CodeIgniter.php(368): CodeIgniter\CodeIgniter->handleRequest(null, Object(Config\Cache), false)
 9 FCPATH/index.php(67): CodeIgniter\CodeIgniter->run()
WARNING - 2023-03-23 16:05:36 --> [DEPRECATED] strlen(): Passing null to parameter #1 ($string) of type string is deprecated in APPPATH/ThirdParty/Titasictech/Titasictables.php on line 492.
 1 APPPATH/ThirdParty/Titasictech/Titasictables.php(492): strlen(null)
 2 APPPATH/ThirdParty/Titasictech/Titasictables.php(402): Titasictech\Titasictables->getTotalResults(true)
 3 APPPATH/ThirdParty/Titasictech/Titasictables.php(305): Titasictech\Titasictables->produceOutput('json', 'utf-8')
 4 APPPATH/Modules/Master/Kendaraan/Models/KendaraanModel.php(60): Titasictech\Titasictables->generate()
 5 APPPATH/Modules/Master/Kendaraan/Controllers/Kendaraan.php(66): App\Modules\Master\Kendaraan\Models\KendaraanModel->getDatatable()
 6 SYSTEMPATH/CodeIgniter.php(934): App\Modules\Master\Kendaraan\Controllers\Kendaraan->getDatatable()
 7 SYSTEMPATH/CodeIgniter.php(499): CodeIgniter\CodeIgniter->runController(Object(App\Modules\Master\Kendaraan\Controllers\Kendaraan))
 8 SYSTEMPATH/CodeIgniter.php(368): CodeIgniter\CodeIgniter->handleRequest(null, Object(Config\Cache), false)
 9 FCPATH/index.php(67): CodeIgniter\CodeIgniter->run()
INFO - 2023-03-23 16:05:40 --> Session: Class initialized using 'CodeIgniter\Session\Handlers\FileHandler' driver.
INFO - 2023-03-23 16:06:29 --> Session: Class initialized using 'CodeIgniter\Session\Handlers\FileHandler' driver.
INFO - 2023-03-23 16:06:29 --> CSRF token verified.
WARNING - 2023-03-23 16:06:29 --> [DEPRECATED] trim(): Passing null to parameter #1 ($string) of type string is deprecated in SYSTEMPATH/Validation/Validation.php on line 299.
 1 SYSTEMPATH/Validation/Validation.php(299): trim(null)
 2 SYSTEMPATH/Validation/Validation.php(170): CodeIgniter\Validation\Validation->processRules('kd_unit', 'Kode Unit', null, [...], [...])
 3 SYSTEMPATH/Controller.php(140): CodeIgniter\Validation\Validation->run()
 4 APPPATH/Modules/Master/Kendaraan/Controllers/Kendaraan.php(105): CodeIgniter\Controller->validate([...])
 5 SYSTEMPATH/CodeIgniter.php(934): App\Modules\Master\Kendaraan\Controllers\Kendaraan->saveData()
 6 SYSTEMPATH/CodeIgniter.php(499): CodeIgniter\CodeIgniter->runController(Object(App\Modules\Master\Kendaraan\Controllers\Kendaraan))
 7 SYSTEMPATH/CodeIgniter.php(368): CodeIgniter\CodeIgniter->handleRequest(null, Object(Config\Cache), false)
 8 FCPATH/index.php(67): CodeIgniter\CodeIgniter->run()
WARNING - 2023-03-23 16:06:29 --> [DEPRECATED] trim(): Passing null to parameter #1 ($string) of type string is deprecated in SYSTEMPATH/Validation/Validation.php on line 299.
 1 SYSTEMPATH/Validation/Validation.php(299): trim(null)
 2 SYSTEMPATH/Validation/Validation.php(170): CodeIgniter\Validation\Validation->processRules('nm_unit', 'Nama Unit', null, [...], [...])
 3 SYSTEMPATH/Controller.php(140): CodeIgniter\Validation\Validation->run()
 4 APPPATH/Modules/Master/Kendaraan/Controllers/Kendaraan.php(105): CodeIgniter\Controller->validate([...])
 5 SYSTEMPATH/CodeIgniter.php(934): App\Modules\Master\Kendaraan\Controllers\Kendaraan->saveData()
 6 SYSTEMPATH/CodeIgniter.php(499): CodeIgniter\CodeIgniter->runController(Object(App\Modules\Master\Kendaraan\Controllers\Kendaraan))
 7 SYSTEMPATH/CodeIgniter.php(368): CodeIgniter\CodeIgniter->handleRequest(null, Object(Config\Cache), false)
 8 FCPATH/index.php(67): CodeIgniter\CodeIgniter->run()
WARNING - 2023-03-23 16:06:29 --> [DEPRECATED] trim(): Passing null to parameter #1 ($string) of type string is deprecated in SYSTEMPATH/Validation/Validation.php on line 299.
 1 SYSTEMPATH/Validation/Validation.php(299): trim(null)
 2 SYSTEMPATH/Validation/Validation.php(170): CodeIgniter\Validation\Validation->processRules('opd_id', 'OPD', null, [...], [...])
 3 SYSTEMPATH/Controller.php(140): CodeIgniter\Validation\Validation->run()
 4 APPPATH/Modules/Master/Kendaraan/Controllers/Kendaraan.php(105): CodeIgniter\Controller->validate([...])
 5 SYSTEMPATH/CodeIgniter.php(934): App\Modules\Master\Kendaraan\Controllers\Kendaraan->saveData()
 6 SYSTEMPATH/CodeIgniter.php(499): CodeIgniter\CodeIgniter->runController(Object(App\Modules\Master\Kendaraan\Controllers\Kendaraan))
 7 SYSTEMPATH/CodeIgniter.php(368): CodeIgniter\CodeIgniter->handleRequest(null, Object(Config\Cache), false)
 8 FCPATH/index.php(67): CodeIgniter\CodeIgniter->run()
INFO - 2023-03-23 16:16:47 --> Session: Class initialized using 'CodeIgniter\Session\Handlers\FileHandler' driver.
INFO - 2023-03-23 16:16:47 --> CSRF token verified.
WARNING - 2023-03-23 16:16:47 --> [DEPRECATED] strlen(): Passing null to parameter #1 ($string) of type string is deprecated in APPPATH/ThirdParty/Titasictech/Titasictables.php on line 492.
 1 APPPATH/ThirdParty/Titasictech/Titasictables.php(492): strlen(null)
 2 APPPATH/ThirdParty/Titasictech/Titasictables.php(401): Titasictech\Titasictables->getTotalResults()
 3 APPPATH/ThirdParty/Titasictech/Titasictables.php(305): Titasictech\Titasictables->produceOutput('json', 'utf-8')
 4 APPPATH/Modules/Master/Kendaraan/Models/KendaraanModel.php(60): Titasictech\Titasictables->generate()
 5 APPPATH/Modules/Master/Kendaraan/Controllers/Kendaraan.php(66): App\Modules\Master\Kendaraan\Models\KendaraanModel->getDatatable()
 6 SYSTEMPATH/CodeIgniter.php(934): App\Modules\Master\Kendaraan\Controllers\Kendaraan->getDatatable()
 7 SYSTEMPATH/CodeIgniter.php(499): CodeIgniter\CodeIgniter->runController(Object(App\Modules\Master\Kendaraan\Controllers\Kendaraan))
 8 SYSTEMPATH/CodeIgniter.php(368): CodeIgniter\CodeIgniter->handleRequest(null, Object(Config\Cache), false)
 9 FCPATH/index.php(67): CodeIgniter\CodeIgniter->run()
WARNING - 2023-03-23 16:16:47 --> [DEPRECATED] strlen(): Passing null to parameter #1 ($string) of type string is deprecated in APPPATH/ThirdParty/Titasictech/Titasictables.php on line 492.
 1 APPPATH/ThirdParty/Titasictech/Titasictables.php(492): strlen(null)
 2 APPPATH/ThirdParty/Titasictech/Titasictables.php(402): Titasictech\Titasictables->getTotalResults(true)
 3 APPPATH/ThirdParty/Titasictech/Titasictables.php(305): Titasictech\Titasictables->produceOutput('json', 'utf-8')
 4 APPPATH/Modules/Master/Kendaraan/Models/KendaraanModel.php(60): Titasictech\Titasictables->generate()
 5 APPPATH/Modules/Master/Kendaraan/Controllers/Kendaraan.php(66): App\Modules\Master\Kendaraan\Models\KendaraanModel->getDatatable()
 6 SYSTEMPATH/CodeIgniter.php(934): App\Modules\Master\Kendaraan\Controllers\Kendaraan->getDatatable()
 7 SYSTEMPATH/CodeIgniter.php(499): CodeIgniter\CodeIgniter->runController(Object(App\Modules\Master\Kendaraan\Controllers\Kendaraan))
 8 SYSTEMPATH/CodeIgniter.php(368): CodeIgniter\CodeIgniter->handleRequest(null, Object(Config\Cache), false)
 9 FCPATH/index.php(67): CodeIgniter\CodeIgniter->run()
INFO - 2023-03-23 16:16:48 --> Session: Class initialized using 'CodeIgniter\Session\Handlers\FileHandler' driver.
INFO - 2023-03-23 16:19:40 --> Session: Class initialized using 'CodeIgniter\Session\Handlers\FileHandler' driver.
INFO - 2023-03-23 16:19:40 --> CSRF token verified.
WARNING - 2023-03-23 16:19:40 --> [DEPRECATED] strlen(): Passing null to parameter #1 ($string) of type string is deprecated in APPPATH/ThirdParty/Titasictech/Titasictables.php on line 492.
 1 APPPATH/ThirdParty/Titasictech/Titasictables.php(492): strlen(null)
 2 APPPATH/ThirdParty/Titasictech/Titasictables.php(401): Titasictech\Titasictables->getTotalResults()
 3 APPPATH/ThirdParty/Titasictech/Titasictables.php(305): Titasictech\Titasictables->produceOutput('json', 'utf-8')
 4 APPPATH/Modules/Master/Kendaraan/Models/KendaraanModel.php(60): Titasictech\Titasictables->generate()
 5 APPPATH/Modules/Master/Kendaraan/Controllers/Kendaraan.php(66): App\Modules\Master\Kendaraan\Models\KendaraanModel->getDatatable()
 6 SYSTEMPATH/CodeIgniter.php(934): App\Modules\Master\Kendaraan\Controllers\Kendaraan->getDatatable()
 7 SYSTEMPATH/CodeIgniter.php(499): CodeIgniter\CodeIgniter->runController(Object(App\Modules\Master\Kendaraan\Controllers\Kendaraan))
 8 SYSTEMPATH/CodeIgniter.php(368): CodeIgniter\CodeIgniter->handleRequest(null, Object(Config\Cache), false)
 9 FCPATH/index.php(67): CodeIgniter\CodeIgniter->run()
WARNING - 2023-03-23 16:19:40 --> [DEPRECATED] strlen(): Passing null to parameter #1 ($string) of type string is deprecated in APPPATH/ThirdParty/Titasictech/Titasictables.php on line 492.
 1 APPPATH/ThirdParty/Titasictech/Titasictables.php(492): strlen(null)
 2 APPPATH/ThirdParty/Titasictech/Titasictables.php(402): Titasictech\Titasictables->getTotalResults(true)
 3 APPPATH/ThirdParty/Titasictech/Titasictables.php(305): Titasictech\Titasictables->produceOutput('json', 'utf-8')
 4 APPPATH/Modules/Master/Kendaraan/Models/KendaraanModel.php(60): Titasictech\Titasictables->generate()
 5 APPPATH/Modules/Master/Kendaraan/Controllers/Kendaraan.php(66): App\Modules\Master\Kendaraan\Models\KendaraanModel->getDatatable()
 6 SYSTEMPATH/CodeIgniter.php(934): App\Modules\Master\Kendaraan\Controllers\Kendaraan->getDatatable()
 7 SYSTEMPATH/CodeIgniter.php(499): CodeIgniter\CodeIgniter->runController(Object(App\Modules\Master\Kendaraan\Controllers\Kendaraan))
 8 SYSTEMPATH/CodeIgniter.php(368): CodeIgniter\CodeIgniter->handleRequest(null, Object(Config\Cache), false)
 9 FCPATH/index.php(67): CodeIgniter\CodeIgniter->run()
INFO - 2023-03-23 16:19:42 --> Session: Class initialized using 'CodeIgniter\Session\Handlers\FileHandler' driver.
INFO - 2023-03-23 16:20:39 --> Session: Class initialized using 'CodeIgniter\Session\Handlers\FileHandler' driver.
INFO - 2023-03-23 16:20:39 --> CSRF token verified.
WARNING - 2023-03-23 16:20:39 --> [DEPRECATED] strlen(): Passing null to parameter #1 ($string) of type string is deprecated in APPPATH/ThirdParty/Titasictech/Titasictables.php on line 492.
 1 APPPATH/ThirdParty/Titasictech/Titasictables.php(492): strlen(null)
 2 APPPATH/ThirdParty/Titasictech/Titasictables.php(401): Titasictech\Titasictables->getTotalResults()
 3 APPPATH/ThirdParty/Titasictech/Titasictables.php(305): Titasictech\Titasictables->produceOutput('json', 'utf-8')
 4 APPPATH/Modules/Master/Kendaraan/Models/KendaraanModel.php(60): Titasictech\Titasictables->generate()
 5 APPPATH/Modules/Master/Kendaraan/Controllers/Kendaraan.php(66): App\Modules\Master\Kendaraan\Models\KendaraanModel->getDatatable()
 6 SYSTEMPATH/CodeIgniter.php(934): App\Modules\Master\Kendaraan\Controllers\Kendaraan->getDatatable()
 7 SYSTEMPATH/CodeIgniter.php(499): CodeIgniter\CodeIgniter->runController(Object(App\Modules\Master\Kendaraan\Controllers\Kendaraan))
 8 SYSTEMPATH/CodeIgniter.php(368): CodeIgniter\CodeIgniter->handleRequest(null, Object(Config\Cache), false)
 9 FCPATH/index.php(67): CodeIgniter\CodeIgniter->run()
WARNING - 2023-03-23 16:20:39 --> [DEPRECATED] strlen(): Passing null to parameter #1 ($string) of type string is deprecated in APPPATH/ThirdParty/Titasictech/Titasictables.php on line 492.
 1 APPPATH/ThirdParty/Titasictech/Titasictables.php(492): strlen(null)
 2 APPPATH/ThirdParty/Titasictech/Titasictables.php(402): Titasictech\Titasictables->getTotalResults(true)
 3 APPPATH/ThirdParty/Titasictech/Titasictables.php(305): Titasictech\Titasictables->produceOutput('json', 'utf-8')
 4 APPPATH/Modules/Master/Kendaraan/Models/KendaraanModel.php(60): Titasictech\Titasictables->generate()
 5 APPPATH/Modules/Master/Kendaraan/Controllers/Kendaraan.php(66): App\Modules\Master\Kendaraan\Models\KendaraanModel->getDatatable()
 6 SYSTEMPATH/CodeIgniter.php(934): App\Modules\Master\Kendaraan\Controllers\Kendaraan->getDatatable()
 7 SYSTEMPATH/CodeIgniter.php(499): CodeIgniter\CodeIgniter->runController(Object(App\Modules\Master\Kendaraan\Controllers\Kendaraan))
 8 SYSTEMPATH/CodeIgniter.php(368): CodeIgniter\CodeIgniter->handleRequest(null, Object(Config\Cache), false)
 9 FCPATH/index.php(67): CodeIgniter\CodeIgniter->run()
INFO - 2023-03-23 16:24:51 --> Session: Class initialized using 'CodeIgniter\Session\Handlers\FileHandler' driver.
INFO - 2023-03-23 16:24:51 --> Session: Class initialized using 'CodeIgniter\Session\Handlers\FileHandler' driver.
INFO - 2023-03-23 16:24:51 --> CSRF token verified.
WARNING - 2023-03-23 16:24:51 --> [DEPRECATED] strlen(): Passing null to parameter #1 ($string) of type string is deprecated in APPPATH/ThirdParty/Titasictech/Titasictables.php on line 492.
 1 APPPATH/ThirdParty/Titasictech/Titasictables.php(492): strlen(null)
 2 APPPATH/ThirdParty/Titasictech/Titasictables.php(401): Titasictech\Titasictables->getTotalResults()
 3 APPPATH/ThirdParty/Titasictech/Titasictables.php(305): Titasictech\Titasictables->produceOutput('json', 'utf-8')
 4 APPPATH/Modules/Master/Kendaraan/Models/KendaraanModel.php(60): Titasictech\Titasictables->generate()
 5 APPPATH/Modules/Master/Kendaraan/Controllers/Kendaraan.php(66): App\Modules\Master\Kendaraan\Models\KendaraanModel->getDatatable()
 6 SYSTEMPATH/CodeIgniter.php(934): App\Modules\Master\Kendaraan\Controllers\Kendaraan->getDatatable()
 7 SYSTEMPATH/CodeIgniter.php(499): CodeIgniter\CodeIgniter->runController(Object(App\Modules\Master\Kendaraan\Controllers\Kendaraan))
 8 SYSTEMPATH/CodeIgniter.php(368): CodeIgniter\CodeIgniter->handleRequest(null, Object(Config\Cache), false)
 9 FCPATH/index.php(67): CodeIgniter\CodeIgniter->run()
WARNING - 2023-03-23 16:24:51 --> [DEPRECATED] strlen(): Passing null to parameter #1 ($string) of type string is deprecated in APPPATH/ThirdParty/Titasictech/Titasictables.php on line 492.
 1 APPPATH/ThirdParty/Titasictech/Titasictables.php(492): strlen(null)
 2 APPPATH/ThirdParty/Titasictech/Titasictables.php(402): Titasictech\Titasictables->getTotalResults(true)
 3 APPPATH/ThirdParty/Titasictech/Titasictables.php(305): Titasictech\Titasictables->produceOutput('json', 'utf-8')
 4 APPPATH/Modules/Master/Kendaraan/Models/KendaraanModel.php(60): Titasictech\Titasictables->generate()
 5 APPPATH/Modules/Master/Kendaraan/Controllers/Kendaraan.php(66): App\Modules\Master\Kendaraan\Models\KendaraanModel->getDatatable()
 6 SYSTEMPATH/CodeIgniter.php(934): App\Modules\Master\Kendaraan\Controllers\Kendaraan->getDatatable()
 7 SYSTEMPATH/CodeIgniter.php(499): CodeIgniter\CodeIgniter->runController(Object(App\Modules\Master\Kendaraan\Controllers\Kendaraan))
 8 SYSTEMPATH/CodeIgniter.php(368): CodeIgniter\CodeIgniter->handleRequest(null, Object(Config\Cache), false)
 9 FCPATH/index.php(67): CodeIgniter\CodeIgniter->run()
INFO - 2023-03-23 16:24:53 --> Session: Class initialized using 'CodeIgniter\Session\Handlers\FileHandler' driver.
INFO - 2023-03-23 17:29:08 --> Session: Class initialized using 'CodeIgniter\Session\Handlers\FileHandler' driver.
INFO - 2023-03-23 17:29:08 --> CSRF token verified.
WARNING - 2023-03-23 17:29:08 --> [DEPRECATED] strlen(): Passing null to parameter #1 ($string) of type string is deprecated in APPPATH/ThirdParty/Titasictech/Titasictables.php on line 492.
 1 APPPATH/ThirdParty/Titasictech/Titasictables.php(492): strlen(null)
 2 APPPATH/ThirdParty/Titasictech/Titasictables.php(401): Titasictech\Titasictables->getTotalResults()
 3 APPPATH/ThirdParty/Titasictech/Titasictables.php(305): Titasictech\Titasictables->produceOutput('json', 'utf-8')
 4 APPPATH/Modules/Master/Kendaraan/Models/KendaraanModel.php(60): Titasictech\Titasictables->generate()
 5 APPPATH/Modules/Master/Kendaraan/Controllers/Kendaraan.php(66): App\Modules\Master\Kendaraan\Models\KendaraanModel->getDatatable()
 6 SYSTEMPATH/CodeIgniter.php(934): App\Modules\Master\Kendaraan\Controllers\Kendaraan->getDatatable()
 7 SYSTEMPATH/CodeIgniter.php(499): CodeIgniter\CodeIgniter->runController(Object(App\Modules\Master\Kendaraan\Controllers\Kendaraan))
 8 SYSTEMPATH/CodeIgniter.php(368): CodeIgniter\CodeIgniter->handleRequest(null, Object(Config\Cache), false)
 9 FCPATH/index.php(67): CodeIgniter\CodeIgniter->run()
WARNING - 2023-03-23 17:29:08 --> [DEPRECATED] strlen(): Passing null to parameter #1 ($string) of type string is deprecated in APPPATH/ThirdParty/Titasictech/Titasictables.php on line 492.
 1 APPPATH/ThirdParty/Titasictech/Titasictables.php(492): strlen(null)
 2 APPPATH/ThirdParty/Titasictech/Titasictables.php(402): Titasictech\Titasictables->getTotalResults(true)
 3 APPPATH/ThirdParty/Titasictech/Titasictables.php(305): Titasictech\Titasictables->produceOutput('json', 'utf-8')
 4 APPPATH/Modules/Master/Kendaraan/Models/KendaraanModel.php(60): Titasictech\Titasictables->generate()
 5 APPPATH/Modules/Master/Kendaraan/Controllers/Kendaraan.php(66): App\Modules\Master\Kendaraan\Models\KendaraanModel->getDatatable()
 6 SYSTEMPATH/CodeIgniter.php(934): App\Modules\Master\Kendaraan\Controllers\Kendaraan->getDatatable()
 7 SYSTEMPATH/CodeIgniter.php(499): CodeIgniter\CodeIgniter->runController(Object(App\Modules\Master\Kendaraan\Controllers\Kendaraan))
 8 SYSTEMPATH/CodeIgniter.php(368): CodeIgniter\CodeIgniter->handleRequest(null, Object(Config\Cache), false)
 9 FCPATH/index.php(67): CodeIgniter\CodeIgniter->run()
