INFO - 2023-04-04 14:30:46 --> Session: Class initialized using 'CodeIgniter\Session\Handlers\FileHandler' driver.
INFO - 2023-04-04 14:30:46 --> Session: Class initialized using 'CodeIgniter\Session\Handlers\FileHandler' driver.
INFO - 2023-04-04 14:31:06 --> CSRF token verified.
INFO - 2023-04-04 14:31:06 --> Session: Class initialized using 'CodeIgniter\Session\Handlers\FileHandler' driver.
INFO - 2023-04-04 14:31:07 --> Session: Class initialized using 'CodeIgniter\Session\Handlers\FileHandler' driver.
INFO - 2023-04-04 14:31:13 --> Session: Class initialized using 'CodeIgniter\Session\Handlers\FileHandler' driver.
INFO - 2023-04-04 14:31:13 --> Session: Class initialized using 'CodeIgniter\Session\Handlers\FileHandler' driver.
INFO - 2023-04-04 14:31:13 --> CSRF token verified.
WARNING - 2023-04-04 14:31:13 --> [DEPRECATED] strlen(): Passing null to parameter #1 ($string) of type string is deprecated in APPPATH/ThirdParty/Titasictech/Titasictables.php on line 492.
 1 APPPATH/ThirdParty/Titasictech/Titasictables.php(492): strlen(null)
 2 APPPATH/ThirdParty/Titasictech/Titasictables.php(401): Titasictech\Titasictables->getTotalResults()
 3 APPPATH/ThirdParty/Titasictech/Titasictables.php(305): Titasictech\Titasictables->produceOutput('json', 'utf-8')
 4 APPPATH/Modules/Data/PenggunaRutin/Models/PenggunaRutinModel.php(70): Titasictech\Titasictables->generate()
 5 APPPATH/Modules/Data/PenggunaRutin/Controllers/PenggunaRutin.php(53): App\Modules\Data\PenggunaRutin\Models\PenggunaRutinModel->getDatatable()
 6 SYSTEMPATH/CodeIgniter.php(934): App\Modules\Data\PenggunaRutin\Controllers\PenggunaRutin->getDatatable()
 7 SYSTEMPATH/CodeIgniter.php(499): CodeIgniter\CodeIgniter->runController(Object(App\Modules\Data\PenggunaRutin\Controllers\PenggunaRutin))
 8 SYSTEMPATH/CodeIgniter.php(368): CodeIgniter\CodeIgniter->handleRequest(null, Object(Config\Cache), false)
 9 FCPATH/index.php(67): CodeIgniter\CodeIgniter->run()
WARNING - 2023-04-04 14:31:13 --> [DEPRECATED] strlen(): Passing null to parameter #1 ($string) of type string is deprecated in APPPATH/ThirdParty/Titasictech/Titasictables.php on line 492.
 1 APPPATH/ThirdParty/Titasictech/Titasictables.php(492): strlen(null)
 2 APPPATH/ThirdParty/Titasictech/Titasictables.php(402): Titasictech\Titasictables->getTotalResults(true)
 3 APPPATH/ThirdParty/Titasictech/Titasictables.php(305): Titasictech\Titasictables->produceOutput('json', 'utf-8')
 4 APPPATH/Modules/Data/PenggunaRutin/Models/PenggunaRutinModel.php(70): Titasictech\Titasictables->generate()
 5 APPPATH/Modules/Data/PenggunaRutin/Controllers/PenggunaRutin.php(53): App\Modules\Data\PenggunaRutin\Models\PenggunaRutinModel->getDatatable()
 6 SYSTEMPATH/CodeIgniter.php(934): App\Modules\Data\PenggunaRutin\Controllers\PenggunaRutin->getDatatable()
 7 SYSTEMPATH/CodeIgniter.php(499): CodeIgniter\CodeIgniter->runController(Object(App\Modules\Data\PenggunaRutin\Controllers\PenggunaRutin))
 8 SYSTEMPATH/CodeIgniter.php(368): CodeIgniter\CodeIgniter->handleRequest(null, Object(Config\Cache), false)
 9 FCPATH/index.php(67): CodeIgniter\CodeIgniter->run()
INFO - 2023-04-04 14:32:53 --> Session: Class initialized using 'CodeIgniter\Session\Handlers\FileHandler' driver.
INFO - 2023-04-04 14:32:54 --> Session: Class initialized using 'CodeIgniter\Session\Handlers\FileHandler' driver.
INFO - 2023-04-04 14:32:54 --> CSRF token verified.
WARNING - 2023-04-04 14:32:54 --> [DEPRECATED] strlen(): Passing null to parameter #1 ($string) of type string is deprecated in APPPATH/ThirdParty/Titasictech/Titasictables.php on line 492.
 1 APPPATH/ThirdParty/Titasictech/Titasictables.php(492): strlen(null)
 2 APPPATH/ThirdParty/Titasictech/Titasictables.php(401): Titasictech\Titasictables->getTotalResults()
 3 APPPATH/ThirdParty/Titasictech/Titasictables.php(305): Titasictech\Titasictables->produceOutput('json', 'utf-8')
 4 APPPATH/Modules/Data/PenggunaRutin/Models/PenggunaRutinModel.php(70): Titasictech\Titasictables->generate()
 5 APPPATH/Modules/Data/PenggunaRutin/Controllers/PenggunaRutin.php(53): App\Modules\Data\PenggunaRutin\Models\PenggunaRutinModel->getDatatable()
 6 SYSTEMPATH/CodeIgniter.php(934): App\Modules\Data\PenggunaRutin\Controllers\PenggunaRutin->getDatatable()
 7 SYSTEMPATH/CodeIgniter.php(499): CodeIgniter\CodeIgniter->runController(Object(App\Modules\Data\PenggunaRutin\Controllers\PenggunaRutin))
 8 SYSTEMPATH/CodeIgniter.php(368): CodeIgniter\CodeIgniter->handleRequest(null, Object(Config\Cache), false)
 9 FCPATH/index.php(67): CodeIgniter\CodeIgniter->run()
WARNING - 2023-04-04 14:32:54 --> [DEPRECATED] strlen(): Passing null to parameter #1 ($string) of type string is deprecated in APPPATH/ThirdParty/Titasictech/Titasictables.php on line 492.
 1 APPPATH/ThirdParty/Titasictech/Titasictables.php(492): strlen(null)
 2 APPPATH/ThirdParty/Titasictech/Titasictables.php(402): Titasictech\Titasictables->getTotalResults(true)
 3 APPPATH/ThirdParty/Titasictech/Titasictables.php(305): Titasictech\Titasictables->produceOutput('json', 'utf-8')
 4 APPPATH/Modules/Data/PenggunaRutin/Models/PenggunaRutinModel.php(70): Titasictech\Titasictables->generate()
 5 APPPATH/Modules/Data/PenggunaRutin/Controllers/PenggunaRutin.php(53): App\Modules\Data\PenggunaRutin\Models\PenggunaRutinModel->getDatatable()
 6 SYSTEMPATH/CodeIgniter.php(934): App\Modules\Data\PenggunaRutin\Controllers\PenggunaRutin->getDatatable()
 7 SYSTEMPATH/CodeIgniter.php(499): CodeIgniter\CodeIgniter->runController(Object(App\Modules\Data\PenggunaRutin\Controllers\PenggunaRutin))
 8 SYSTEMPATH/CodeIgniter.php(368): CodeIgniter\CodeIgniter->handleRequest(null, Object(Config\Cache), false)
 9 FCPATH/index.php(67): CodeIgniter\CodeIgniter->run()
INFO - 2023-04-04 14:33:04 --> Session: Class initialized using 'CodeIgniter\Session\Handlers\FileHandler' driver.
INFO - 2023-04-04 14:33:04 --> CSRF token verified.
INFO - 2023-04-04 14:33:06 --> Session: Class initialized using 'CodeIgniter\Session\Handlers\FileHandler' driver.
INFO - 2023-04-04 14:33:06 --> CSRF token verified.
WARNING - 2023-04-04 14:33:06 --> [DEPRECATED] strlen(): Passing null to parameter #1 ($string) of type string is deprecated in APPPATH/ThirdParty/Titasictech/Titasictables.php on line 492.
 1 APPPATH/ThirdParty/Titasictech/Titasictables.php(492): strlen(null)
 2 APPPATH/ThirdParty/Titasictech/Titasictables.php(401): Titasictech\Titasictables->getTotalResults()
 3 APPPATH/ThirdParty/Titasictech/Titasictables.php(305): Titasictech\Titasictables->produceOutput('json', 'utf-8')
 4 APPPATH/Modules/Data/PenggunaRutin/Models/PenggunaRutinModel.php(70): Titasictech\Titasictables->generate()
 5 APPPATH/Modules/Data/PenggunaRutin/Controllers/PenggunaRutin.php(53): App\Modules\Data\PenggunaRutin\Models\PenggunaRutinModel->getDatatable()
 6 SYSTEMPATH/CodeIgniter.php(934): App\Modules\Data\PenggunaRutin\Controllers\PenggunaRutin->getDatatable()
 7 SYSTEMPATH/CodeIgniter.php(499): CodeIgniter\CodeIgniter->runController(Object(App\Modules\Data\PenggunaRutin\Controllers\PenggunaRutin))
 8 SYSTEMPATH/CodeIgniter.php(368): CodeIgniter\CodeIgniter->handleRequest(null, Object(Config\Cache), false)
 9 FCPATH/index.php(67): CodeIgniter\CodeIgniter->run()
WARNING - 2023-04-04 14:33:06 --> [DEPRECATED] strlen(): Passing null to parameter #1 ($string) of type string is deprecated in APPPATH/ThirdParty/Titasictech/Titasictables.php on line 492.
 1 APPPATH/ThirdParty/Titasictech/Titasictables.php(492): strlen(null)
 2 APPPATH/ThirdParty/Titasictech/Titasictables.php(402): Titasictech\Titasictables->getTotalResults(true)
 3 APPPATH/ThirdParty/Titasictech/Titasictables.php(305): Titasictech\Titasictables->produceOutput('json', 'utf-8')
 4 APPPATH/Modules/Data/PenggunaRutin/Models/PenggunaRutinModel.php(70): Titasictech\Titasictables->generate()
 5 APPPATH/Modules/Data/PenggunaRutin/Controllers/PenggunaRutin.php(53): App\Modules\Data\PenggunaRutin\Models\PenggunaRutinModel->getDatatable()
 6 SYSTEMPATH/CodeIgniter.php(934): App\Modules\Data\PenggunaRutin\Controllers\PenggunaRutin->getDatatable()
 7 SYSTEMPATH/CodeIgniter.php(499): CodeIgniter\CodeIgniter->runController(Object(App\Modules\Data\PenggunaRutin\Controllers\PenggunaRutin))
 8 SYSTEMPATH/CodeIgniter.php(368): CodeIgniter\CodeIgniter->handleRequest(null, Object(Config\Cache), false)
 9 FCPATH/index.php(67): CodeIgniter\CodeIgniter->run()
INFO - 2023-04-04 14:33:16 --> Session: Class initialized using 'CodeIgniter\Session\Handlers\FileHandler' driver.
INFO - 2023-04-04 14:33:16 --> Session: Class initialized using 'CodeIgniter\Session\Handlers\FileHandler' driver.
INFO - 2023-04-04 14:33:16 --> CSRF token verified.
WARNING - 2023-04-04 14:33:17 --> [DEPRECATED] strlen(): Passing null to parameter #1 ($string) of type string is deprecated in APPPATH/ThirdParty/Titasictech/Titasictables.php on line 492.
 1 APPPATH/ThirdParty/Titasictech/Titasictables.php(492): strlen(null)
 2 APPPATH/ThirdParty/Titasictech/Titasictables.php(401): Titasictech\Titasictables->getTotalResults()
 3 APPPATH/ThirdParty/Titasictech/Titasictables.php(305): Titasictech\Titasictables->produceOutput('json', 'utf-8')
 4 APPPATH/Modules/Master/Kendaraan/Models/KendaraanModel.php(71): Titasictech\Titasictables->generate()
 5 APPPATH/Modules/Master/Kendaraan/Controllers/Kendaraan.php(72): App\Modules\Master\Kendaraan\Models\KendaraanModel->getDatatable([...])
 6 SYSTEMPATH/CodeIgniter.php(934): App\Modules\Master\Kendaraan\Controllers\Kendaraan->getDatatable()
 7 SYSTEMPATH/CodeIgniter.php(499): CodeIgniter\CodeIgniter->runController(Object(App\Modules\Master\Kendaraan\Controllers\Kendaraan))
 8 SYSTEMPATH/CodeIgniter.php(368): CodeIgniter\CodeIgniter->handleRequest(null, Object(Config\Cache), false)
 9 FCPATH/index.php(67): CodeIgniter\CodeIgniter->run()
WARNING - 2023-04-04 14:33:17 --> [DEPRECATED] strlen(): Passing null to parameter #1 ($string) of type string is deprecated in APPPATH/ThirdParty/Titasictech/Titasictables.php on line 492.
 1 APPPATH/ThirdParty/Titasictech/Titasictables.php(492): strlen(null)
 2 APPPATH/ThirdParty/Titasictech/Titasictables.php(402): Titasictech\Titasictables->getTotalResults(true)
 3 APPPATH/ThirdParty/Titasictech/Titasictables.php(305): Titasictech\Titasictables->produceOutput('json', 'utf-8')
 4 APPPATH/Modules/Master/Kendaraan/Models/KendaraanModel.php(71): Titasictech\Titasictables->generate()
 5 APPPATH/Modules/Master/Kendaraan/Controllers/Kendaraan.php(72): App\Modules\Master\Kendaraan\Models\KendaraanModel->getDatatable([...])
 6 SYSTEMPATH/CodeIgniter.php(934): App\Modules\Master\Kendaraan\Controllers\Kendaraan->getDatatable()
 7 SYSTEMPATH/CodeIgniter.php(499): CodeIgniter\CodeIgniter->runController(Object(App\Modules\Master\Kendaraan\Controllers\Kendaraan))
 8 SYSTEMPATH/CodeIgniter.php(368): CodeIgniter\CodeIgniter->handleRequest(null, Object(Config\Cache), false)
 9 FCPATH/index.php(67): CodeIgniter\CodeIgniter->run()
INFO - 2023-04-04 14:33:19 --> Session: Class initialized using 'CodeIgniter\Session\Handlers\FileHandler' driver.
INFO - 2023-04-04 14:33:19 --> Session: Class initialized using 'CodeIgniter\Session\Handlers\FileHandler' driver.
INFO - 2023-04-04 14:33:19 --> CSRF token verified.
WARNING - 2023-04-04 14:33:19 --> [DEPRECATED] strlen(): Passing null to parameter #1 ($string) of type string is deprecated in APPPATH/ThirdParty/Titasictech/Titasictables.php on line 492.
 1 APPPATH/ThirdParty/Titasictech/Titasictables.php(492): strlen(null)
 2 APPPATH/ThirdParty/Titasictech/Titasictables.php(401): Titasictech\Titasictables->getTotalResults()
 3 APPPATH/ThirdParty/Titasictech/Titasictables.php(305): Titasictech\Titasictables->produceOutput('json', 'utf-8')
 4 APPPATH/Modules/Master/Kendaraan/Models/KendaraanModel.php(71): Titasictech\Titasictables->generate()
 5 APPPATH/Modules/Master/Kendaraan/Controllers/Kendaraan.php(72): App\Modules\Master\Kendaraan\Models\KendaraanModel->getDatatable([...])
 6 SYSTEMPATH/CodeIgniter.php(934): App\Modules\Master\Kendaraan\Controllers\Kendaraan->getDatatable()
 7 SYSTEMPATH/CodeIgniter.php(499): CodeIgniter\CodeIgniter->runController(Object(App\Modules\Master\Kendaraan\Controllers\Kendaraan))
 8 SYSTEMPATH/CodeIgniter.php(368): CodeIgniter\CodeIgniter->handleRequest(null, Object(Config\Cache), false)
 9 FCPATH/index.php(67): CodeIgniter\CodeIgniter->run()
WARNING - 2023-04-04 14:33:19 --> [DEPRECATED] strlen(): Passing null to parameter #1 ($string) of type string is deprecated in APPPATH/ThirdParty/Titasictech/Titasictables.php on line 492.
 1 APPPATH/ThirdParty/Titasictech/Titasictables.php(492): strlen(null)
 2 APPPATH/ThirdParty/Titasictech/Titasictables.php(402): Titasictech\Titasictables->getTotalResults(true)
 3 APPPATH/ThirdParty/Titasictech/Titasictables.php(305): Titasictech\Titasictables->produceOutput('json', 'utf-8')
 4 APPPATH/Modules/Master/Kendaraan/Models/KendaraanModel.php(71): Titasictech\Titasictables->generate()
 5 APPPATH/Modules/Master/Kendaraan/Controllers/Kendaraan.php(72): App\Modules\Master\Kendaraan\Models\KendaraanModel->getDatatable([...])
 6 SYSTEMPATH/CodeIgniter.php(934): App\Modules\Master\Kendaraan\Controllers\Kendaraan->getDatatable()
 7 SYSTEMPATH/CodeIgniter.php(499): CodeIgniter\CodeIgniter->runController(Object(App\Modules\Master\Kendaraan\Controllers\Kendaraan))
 8 SYSTEMPATH/CodeIgniter.php(368): CodeIgniter\CodeIgniter->handleRequest(null, Object(Config\Cache), false)
 9 FCPATH/index.php(67): CodeIgniter\CodeIgniter->run()
INFO - 2023-04-04 14:33:22 --> Session: Class initialized using 'CodeIgniter\Session\Handlers\FileHandler' driver.
INFO - 2023-04-04 14:33:22 --> Session: Class initialized using 'CodeIgniter\Session\Handlers\FileHandler' driver.
INFO - 2023-04-04 14:33:22 --> CSRF token verified.
WARNING - 2023-04-04 14:33:22 --> [DEPRECATED] strlen(): Passing null to parameter #1 ($string) of type string is deprecated in APPPATH/ThirdParty/Titasictech/Titasictables.php on line 492.
 1 APPPATH/ThirdParty/Titasictech/Titasictables.php(492): strlen(null)
 2 APPPATH/ThirdParty/Titasictech/Titasictables.php(401): Titasictech\Titasictables->getTotalResults()
 3 APPPATH/ThirdParty/Titasictech/Titasictables.php(305): Titasictech\Titasictables->produceOutput('json', 'utf-8')
 4 APPPATH/Modules/Master/Kendaraan/Models/KendaraanModel.php(71): Titasictech\Titasictables->generate()
 5 APPPATH/Modules/Master/Kendaraan/Controllers/Kendaraan.php(72): App\Modules\Master\Kendaraan\Models\KendaraanModel->getDatatable([...])
 6 SYSTEMPATH/CodeIgniter.php(934): App\Modules\Master\Kendaraan\Controllers\Kendaraan->getDatatable()
 7 SYSTEMPATH/CodeIgniter.php(499): CodeIgniter\CodeIgniter->runController(Object(App\Modules\Master\Kendaraan\Controllers\Kendaraan))
 8 SYSTEMPATH/CodeIgniter.php(368): CodeIgniter\CodeIgniter->handleRequest(null, Object(Config\Cache), false)
 9 FCPATH/index.php(67): CodeIgniter\CodeIgniter->run()
WARNING - 2023-04-04 14:33:22 --> [DEPRECATED] strlen(): Passing null to parameter #1 ($string) of type string is deprecated in APPPATH/ThirdParty/Titasictech/Titasictables.php on line 492.
 1 APPPATH/ThirdParty/Titasictech/Titasictables.php(492): strlen(null)
 2 APPPATH/ThirdParty/Titasictech/Titasictables.php(402): Titasictech\Titasictables->getTotalResults(true)
 3 APPPATH/ThirdParty/Titasictech/Titasictables.php(305): Titasictech\Titasictables->produceOutput('json', 'utf-8')
 4 APPPATH/Modules/Master/Kendaraan/Models/KendaraanModel.php(71): Titasictech\Titasictables->generate()
 5 APPPATH/Modules/Master/Kendaraan/Controllers/Kendaraan.php(72): App\Modules\Master\Kendaraan\Models\KendaraanModel->getDatatable([...])
 6 SYSTEMPATH/CodeIgniter.php(934): App\Modules\Master\Kendaraan\Controllers\Kendaraan->getDatatable()
 7 SYSTEMPATH/CodeIgniter.php(499): CodeIgniter\CodeIgniter->runController(Object(App\Modules\Master\Kendaraan\Controllers\Kendaraan))
 8 SYSTEMPATH/CodeIgniter.php(368): CodeIgniter\CodeIgniter->handleRequest(null, Object(Config\Cache), false)
 9 FCPATH/index.php(67): CodeIgniter\CodeIgniter->run()
INFO - 2023-04-04 14:33:29 --> Session: Class initialized using 'CodeIgniter\Session\Handlers\FileHandler' driver.
INFO - 2023-04-04 14:33:29 --> Session: Class initialized using 'CodeIgniter\Session\Handlers\FileHandler' driver.
INFO - 2023-04-04 14:33:29 --> CSRF token verified.
WARNING - 2023-04-04 14:33:29 --> [DEPRECATED] strlen(): Passing null to parameter #1 ($string) of type string is deprecated in APPPATH/ThirdParty/Titasictech/Titasictables.php on line 492.
 1 APPPATH/ThirdParty/Titasictech/Titasictables.php(492): strlen(null)
 2 APPPATH/ThirdParty/Titasictech/Titasictables.php(401): Titasictech\Titasictables->getTotalResults()
 3 APPPATH/ThirdParty/Titasictech/Titasictables.php(305): Titasictech\Titasictables->produceOutput('json', 'utf-8')
 4 APPPATH/Modules/Data/PenggunaRutin/Models/PenggunaRutinModel.php(70): Titasictech\Titasictables->generate()
 5 APPPATH/Modules/Data/PenggunaRutin/Controllers/PenggunaRutin.php(53): App\Modules\Data\PenggunaRutin\Models\PenggunaRutinModel->getDatatable()
 6 SYSTEMPATH/CodeIgniter.php(934): App\Modules\Data\PenggunaRutin\Controllers\PenggunaRutin->getDatatable()
 7 SYSTEMPATH/CodeIgniter.php(499): CodeIgniter\CodeIgniter->runController(Object(App\Modules\Data\PenggunaRutin\Controllers\PenggunaRutin))
 8 SYSTEMPATH/CodeIgniter.php(368): CodeIgniter\CodeIgniter->handleRequest(null, Object(Config\Cache), false)
 9 FCPATH/index.php(67): CodeIgniter\CodeIgniter->run()
WARNING - 2023-04-04 14:33:29 --> [DEPRECATED] strlen(): Passing null to parameter #1 ($string) of type string is deprecated in APPPATH/ThirdParty/Titasictech/Titasictables.php on line 492.
 1 APPPATH/ThirdParty/Titasictech/Titasictables.php(492): strlen(null)
 2 APPPATH/ThirdParty/Titasictech/Titasictables.php(402): Titasictech\Titasictables->getTotalResults(true)
 3 APPPATH/ThirdParty/Titasictech/Titasictables.php(305): Titasictech\Titasictables->produceOutput('json', 'utf-8')
 4 APPPATH/Modules/Data/PenggunaRutin/Models/PenggunaRutinModel.php(70): Titasictech\Titasictables->generate()
 5 APPPATH/Modules/Data/PenggunaRutin/Controllers/PenggunaRutin.php(53): App\Modules\Data\PenggunaRutin\Models\PenggunaRutinModel->getDatatable()
 6 SYSTEMPATH/CodeIgniter.php(934): App\Modules\Data\PenggunaRutin\Controllers\PenggunaRutin->getDatatable()
 7 SYSTEMPATH/CodeIgniter.php(499): CodeIgniter\CodeIgniter->runController(Object(App\Modules\Data\PenggunaRutin\Controllers\PenggunaRutin))
 8 SYSTEMPATH/CodeIgniter.php(368): CodeIgniter\CodeIgniter->handleRequest(null, Object(Config\Cache), false)
 9 FCPATH/index.php(67): CodeIgniter\CodeIgniter->run()
INFO - 2023-04-04 14:33:35 --> Session: Class initialized using 'CodeIgniter\Session\Handlers\FileHandler' driver.
INFO - 2023-04-04 14:33:41 --> Session: Class initialized using 'CodeIgniter\Session\Handlers\FileHandler' driver.
INFO - 2023-04-04 14:33:41 --> CSRF token verified.
WARNING - 2023-04-04 14:33:41 --> [DEPRECATED] strlen(): Passing null to parameter #1 ($string) of type string is deprecated in APPPATH/ThirdParty/Titasictech/Titasictables.php on line 492.
 1 APPPATH/ThirdParty/Titasictech/Titasictables.php(492): strlen(null)
 2 APPPATH/ThirdParty/Titasictech/Titasictables.php(401): Titasictech\Titasictables->getTotalResults()
 3 APPPATH/ThirdParty/Titasictech/Titasictables.php(305): Titasictech\Titasictables->produceOutput('json', 'utf-8')
 4 APPPATH/Modules/Data/PenggunaRutin/Models/PenggunaRutinModel.php(70): Titasictech\Titasictables->generate()
 5 APPPATH/Modules/Data/PenggunaRutin/Controllers/PenggunaRutin.php(53): App\Modules\Data\PenggunaRutin\Models\PenggunaRutinModel->getDatatable()
 6 SYSTEMPATH/CodeIgniter.php(934): App\Modules\Data\PenggunaRutin\Controllers\PenggunaRutin->getDatatable()
 7 SYSTEMPATH/CodeIgniter.php(499): CodeIgniter\CodeIgniter->runController(Object(App\Modules\Data\PenggunaRutin\Controllers\PenggunaRutin))
 8 SYSTEMPATH/CodeIgniter.php(368): CodeIgniter\CodeIgniter->handleRequest(null, Object(Config\Cache), false)
 9 FCPATH/index.php(67): CodeIgniter\CodeIgniter->run()
WARNING - 2023-04-04 14:33:41 --> [DEPRECATED] strlen(): Passing null to parameter #1 ($string) of type string is deprecated in APPPATH/ThirdParty/Titasictech/Titasictables.php on line 492.
 1 APPPATH/ThirdParty/Titasictech/Titasictables.php(492): strlen(null)
 2 APPPATH/ThirdParty/Titasictech/Titasictables.php(402): Titasictech\Titasictables->getTotalResults(true)
 3 APPPATH/ThirdParty/Titasictech/Titasictables.php(305): Titasictech\Titasictables->produceOutput('json', 'utf-8')
 4 APPPATH/Modules/Data/PenggunaRutin/Models/PenggunaRutinModel.php(70): Titasictech\Titasictables->generate()
 5 APPPATH/Modules/Data/PenggunaRutin/Controllers/PenggunaRutin.php(53): App\Modules\Data\PenggunaRutin\Models\PenggunaRutinModel->getDatatable()
 6 SYSTEMPATH/CodeIgniter.php(934): App\Modules\Data\PenggunaRutin\Controllers\PenggunaRutin->getDatatable()
 7 SYSTEMPATH/CodeIgniter.php(499): CodeIgniter\CodeIgniter->runController(Object(App\Modules\Data\PenggunaRutin\Controllers\PenggunaRutin))
 8 SYSTEMPATH/CodeIgniter.php(368): CodeIgniter\CodeIgniter->handleRequest(null, Object(Config\Cache), false)
 9 FCPATH/index.php(67): CodeIgniter\CodeIgniter->run()
INFO - 2023-04-04 14:33:55 --> Session: Class initialized using 'CodeIgniter\Session\Handlers\FileHandler' driver.
INFO - 2023-04-04 14:33:55 --> Session: Class initialized using 'CodeIgniter\Session\Handlers\FileHandler' driver.
INFO - 2023-04-04 14:33:55 --> CSRF token verified.
WARNING - 2023-04-04 14:33:55 --> [DEPRECATED] strlen(): Passing null to parameter #1 ($string) of type string is deprecated in APPPATH/ThirdParty/Titasictech/Titasictables.php on line 492.
 1 APPPATH/ThirdParty/Titasictech/Titasictables.php(492): strlen(null)
 2 APPPATH/ThirdParty/Titasictech/Titasictables.php(401): Titasictech\Titasictables->getTotalResults()
 3 APPPATH/ThirdParty/Titasictech/Titasictables.php(305): Titasictech\Titasictables->produceOutput('json', 'utf-8')
 4 APPPATH/Modules/Master/Kendaraan/Models/KendaraanModel.php(71): Titasictech\Titasictables->generate()
 5 APPPATH/Modules/Master/Kendaraan/Controllers/Kendaraan.php(72): App\Modules\Master\Kendaraan\Models\KendaraanModel->getDatatable([...])
 6 SYSTEMPATH/CodeIgniter.php(934): App\Modules\Master\Kendaraan\Controllers\Kendaraan->getDatatable()
 7 SYSTEMPATH/CodeIgniter.php(499): CodeIgniter\CodeIgniter->runController(Object(App\Modules\Master\Kendaraan\Controllers\Kendaraan))
 8 SYSTEMPATH/CodeIgniter.php(368): CodeIgniter\CodeIgniter->handleRequest(null, Object(Config\Cache), false)
 9 FCPATH/index.php(67): CodeIgniter\CodeIgniter->run()
WARNING - 2023-04-04 14:33:55 --> [DEPRECATED] strlen(): Passing null to parameter #1 ($string) of type string is deprecated in APPPATH/ThirdParty/Titasictech/Titasictables.php on line 492.
 1 APPPATH/ThirdParty/Titasictech/Titasictables.php(492): strlen(null)
 2 APPPATH/ThirdParty/Titasictech/Titasictables.php(402): Titasictech\Titasictables->getTotalResults(true)
 3 APPPATH/ThirdParty/Titasictech/Titasictables.php(305): Titasictech\Titasictables->produceOutput('json', 'utf-8')
 4 APPPATH/Modules/Master/Kendaraan/Models/KendaraanModel.php(71): Titasictech\Titasictables->generate()
 5 APPPATH/Modules/Master/Kendaraan/Controllers/Kendaraan.php(72): App\Modules\Master\Kendaraan\Models\KendaraanModel->getDatatable([...])
 6 SYSTEMPATH/CodeIgniter.php(934): App\Modules\Master\Kendaraan\Controllers\Kendaraan->getDatatable()
 7 SYSTEMPATH/CodeIgniter.php(499): CodeIgniter\CodeIgniter->runController(Object(App\Modules\Master\Kendaraan\Controllers\Kendaraan))
 8 SYSTEMPATH/CodeIgniter.php(368): CodeIgniter\CodeIgniter->handleRequest(null, Object(Config\Cache), false)
 9 FCPATH/index.php(67): CodeIgniter\CodeIgniter->run()
INFO - 2023-04-04 14:33:57 --> Session: Class initialized using 'CodeIgniter\Session\Handlers\FileHandler' driver.
INFO - 2023-04-04 14:38:13 --> Session: Class initialized using 'CodeIgniter\Session\Handlers\FileHandler' driver.
INFO - 2023-04-04 14:38:13 --> CSRF token verified.
INFO - 2023-04-04 14:38:19 --> Session: Class initialized using 'CodeIgniter\Session\Handlers\FileHandler' driver.
INFO - 2023-04-04 14:38:19 --> CSRF token verified.
INFO - 2023-04-04 14:39:12 --> Session: Class initialized using 'CodeIgniter\Session\Handlers\FileHandler' driver.
INFO - 2023-04-04 14:39:12 --> CSRF token verified.
INFO - 2023-04-04 14:39:28 --> Session: Class initialized using 'CodeIgniter\Session\Handlers\FileHandler' driver.
INFO - 2023-04-04 14:39:28 --> CSRF token verified.
INFO - 2023-04-04 14:39:36 --> Session: Class initialized using 'CodeIgniter\Session\Handlers\FileHandler' driver.
INFO - 2023-04-04 14:39:36 --> CSRF token verified.
INFO - 2023-04-04 14:39:37 --> Session: Class initialized using 'CodeIgniter\Session\Handlers\FileHandler' driver.
INFO - 2023-04-04 14:39:37 --> CSRF token verified.
WARNING - 2023-04-04 14:39:37 --> [DEPRECATED] strlen(): Passing null to parameter #1 ($string) of type string is deprecated in APPPATH/ThirdParty/Titasictech/Titasictables.php on line 492.
 1 APPPATH/ThirdParty/Titasictech/Titasictables.php(492): strlen(null)
 2 APPPATH/ThirdParty/Titasictech/Titasictables.php(401): Titasictech\Titasictables->getTotalResults()
 3 APPPATH/ThirdParty/Titasictech/Titasictables.php(305): Titasictech\Titasictables->produceOutput('json', 'utf-8')
 4 APPPATH/Modules/Master/Kendaraan/Models/KendaraanModel.php(71): Titasictech\Titasictables->generate()
 5 APPPATH/Modules/Master/Kendaraan/Controllers/Kendaraan.php(72): App\Modules\Master\Kendaraan\Models\KendaraanModel->getDatatable([...])
 6 SYSTEMPATH/CodeIgniter.php(934): App\Modules\Master\Kendaraan\Controllers\Kendaraan->getDatatable()
 7 SYSTEMPATH/CodeIgniter.php(499): CodeIgniter\CodeIgniter->runController(Object(App\Modules\Master\Kendaraan\Controllers\Kendaraan))
 8 SYSTEMPATH/CodeIgniter.php(368): CodeIgniter\CodeIgniter->handleRequest(null, Object(Config\Cache), false)
 9 FCPATH/index.php(67): CodeIgniter\CodeIgniter->run()
WARNING - 2023-04-04 14:39:37 --> [DEPRECATED] strlen(): Passing null to parameter #1 ($string) of type string is deprecated in APPPATH/ThirdParty/Titasictech/Titasictables.php on line 492.
 1 APPPATH/ThirdParty/Titasictech/Titasictables.php(492): strlen(null)
 2 APPPATH/ThirdParty/Titasictech/Titasictables.php(402): Titasictech\Titasictables->getTotalResults(true)
 3 APPPATH/ThirdParty/Titasictech/Titasictables.php(305): Titasictech\Titasictables->produceOutput('json', 'utf-8')
 4 APPPATH/Modules/Master/Kendaraan/Models/KendaraanModel.php(71): Titasictech\Titasictables->generate()
 5 APPPATH/Modules/Master/Kendaraan/Controllers/Kendaraan.php(72): App\Modules\Master\Kendaraan\Models\KendaraanModel->getDatatable([...])
 6 SYSTEMPATH/CodeIgniter.php(934): App\Modules\Master\Kendaraan\Controllers\Kendaraan->getDatatable()
 7 SYSTEMPATH/CodeIgniter.php(499): CodeIgniter\CodeIgniter->runController(Object(App\Modules\Master\Kendaraan\Controllers\Kendaraan))
 8 SYSTEMPATH/CodeIgniter.php(368): CodeIgniter\CodeIgniter->handleRequest(null, Object(Config\Cache), false)
 9 FCPATH/index.php(67): CodeIgniter\CodeIgniter->run()
INFO - 2023-04-04 14:48:20 --> Session: Class initialized using 'CodeIgniter\Session\Handlers\FileHandler' driver.
INFO - 2023-04-04 14:48:21 --> Session: Class initialized using 'CodeIgniter\Session\Handlers\FileHandler' driver.
INFO - 2023-04-04 14:48:21 --> CSRF token verified.
WARNING - 2023-04-04 14:48:21 --> [DEPRECATED] strlen(): Passing null to parameter #1 ($string) of type string is deprecated in APPPATH/ThirdParty/Titasictech/Titasictables.php on line 492.
 1 APPPATH/ThirdParty/Titasictech/Titasictables.php(492): strlen(null)
 2 APPPATH/ThirdParty/Titasictech/Titasictables.php(401): Titasictech\Titasictables->getTotalResults()
 3 APPPATH/ThirdParty/Titasictech/Titasictables.php(305): Titasictech\Titasictables->produceOutput('json', 'utf-8')
 4 APPPATH/Modules/Master/Kendaraan/Models/KendaraanModel.php(71): Titasictech\Titasictables->generate()
 5 APPPATH/Modules/Master/Kendaraan/Controllers/Kendaraan.php(72): App\Modules\Master\Kendaraan\Models\KendaraanModel->getDatatable([...])
 6 SYSTEMPATH/CodeIgniter.php(934): App\Modules\Master\Kendaraan\Controllers\Kendaraan->getDatatable()
 7 SYSTEMPATH/CodeIgniter.php(499): CodeIgniter\CodeIgniter->runController(Object(App\Modules\Master\Kendaraan\Controllers\Kendaraan))
 8 SYSTEMPATH/CodeIgniter.php(368): CodeIgniter\CodeIgniter->handleRequest(null, Object(Config\Cache), false)
 9 FCPATH/index.php(67): CodeIgniter\CodeIgniter->run()
WARNING - 2023-04-04 14:48:21 --> [DEPRECATED] strlen(): Passing null to parameter #1 ($string) of type string is deprecated in APPPATH/ThirdParty/Titasictech/Titasictables.php on line 492.
 1 APPPATH/ThirdParty/Titasictech/Titasictables.php(492): strlen(null)
 2 APPPATH/ThirdParty/Titasictech/Titasictables.php(402): Titasictech\Titasictables->getTotalResults(true)
 3 APPPATH/ThirdParty/Titasictech/Titasictables.php(305): Titasictech\Titasictables->produceOutput('json', 'utf-8')
 4 APPPATH/Modules/Master/Kendaraan/Models/KendaraanModel.php(71): Titasictech\Titasictables->generate()
 5 APPPATH/Modules/Master/Kendaraan/Controllers/Kendaraan.php(72): App\Modules\Master\Kendaraan\Models\KendaraanModel->getDatatable([...])
 6 SYSTEMPATH/CodeIgniter.php(934): App\Modules\Master\Kendaraan\Controllers\Kendaraan->getDatatable()
 7 SYSTEMPATH/CodeIgniter.php(499): CodeIgniter\CodeIgniter->runController(Object(App\Modules\Master\Kendaraan\Controllers\Kendaraan))
 8 SYSTEMPATH/CodeIgniter.php(368): CodeIgniter\CodeIgniter->handleRequest(null, Object(Config\Cache), false)
 9 FCPATH/index.php(67): CodeIgniter\CodeIgniter->run()
INFO - 2023-04-04 14:48:28 --> Session: Class initialized using 'CodeIgniter\Session\Handlers\FileHandler' driver.
INFO - 2023-04-04 14:48:29 --> Session: Class initialized using 'CodeIgniter\Session\Handlers\FileHandler' driver.
INFO - 2023-04-04 14:48:29 --> CSRF token verified.
WARNING - 2023-04-04 14:48:29 --> [DEPRECATED] strlen(): Passing null to parameter #1 ($string) of type string is deprecated in APPPATH/ThirdParty/Titasictech/Titasictables.php on line 492.
 1 APPPATH/ThirdParty/Titasictech/Titasictables.php(492): strlen(null)
 2 APPPATH/ThirdParty/Titasictech/Titasictables.php(401): Titasictech\Titasictables->getTotalResults()
 3 APPPATH/ThirdParty/Titasictech/Titasictables.php(305): Titasictech\Titasictables->produceOutput('json', 'utf-8')
 4 APPPATH/Modules/Data/PenggunaRutin/Models/PenggunaRutinModel.php(70): Titasictech\Titasictables->generate()
 5 APPPATH/Modules/Data/PenggunaRutin/Controllers/PenggunaRutin.php(53): App\Modules\Data\PenggunaRutin\Models\PenggunaRutinModel->getDatatable()
 6 SYSTEMPATH/CodeIgniter.php(934): App\Modules\Data\PenggunaRutin\Controllers\PenggunaRutin->getDatatable()
 7 SYSTEMPATH/CodeIgniter.php(499): CodeIgniter\CodeIgniter->runController(Object(App\Modules\Data\PenggunaRutin\Controllers\PenggunaRutin))
 8 SYSTEMPATH/CodeIgniter.php(368): CodeIgniter\CodeIgniter->handleRequest(null, Object(Config\Cache), false)
 9 FCPATH/index.php(67): CodeIgniter\CodeIgniter->run()
WARNING - 2023-04-04 14:48:29 --> [DEPRECATED] strlen(): Passing null to parameter #1 ($string) of type string is deprecated in APPPATH/ThirdParty/Titasictech/Titasictables.php on line 492.
 1 APPPATH/ThirdParty/Titasictech/Titasictables.php(492): strlen(null)
 2 APPPATH/ThirdParty/Titasictech/Titasictables.php(402): Titasictech\Titasictables->getTotalResults(true)
 3 APPPATH/ThirdParty/Titasictech/Titasictables.php(305): Titasictech\Titasictables->produceOutput('json', 'utf-8')
 4 APPPATH/Modules/Data/PenggunaRutin/Models/PenggunaRutinModel.php(70): Titasictech\Titasictables->generate()
 5 APPPATH/Modules/Data/PenggunaRutin/Controllers/PenggunaRutin.php(53): App\Modules\Data\PenggunaRutin\Models\PenggunaRutinModel->getDatatable()
 6 SYSTEMPATH/CodeIgniter.php(934): App\Modules\Data\PenggunaRutin\Controllers\PenggunaRutin->getDatatable()
 7 SYSTEMPATH/CodeIgniter.php(499): CodeIgniter\CodeIgniter->runController(Object(App\Modules\Data\PenggunaRutin\Controllers\PenggunaRutin))
 8 SYSTEMPATH/CodeIgniter.php(368): CodeIgniter\CodeIgniter->handleRequest(null, Object(Config\Cache), false)
 9 FCPATH/index.php(67): CodeIgniter\CodeIgniter->run()
INFO - 2023-04-04 14:48:32 --> Session: Class initialized using 'CodeIgniter\Session\Handlers\FileHandler' driver.
INFO - 2023-04-04 14:48:38 --> Session: Class initialized using 'CodeIgniter\Session\Handlers\FileHandler' driver.
INFO - 2023-04-04 14:48:38 --> CSRF token verified.
WARNING - 2023-04-04 14:48:38 --> [DEPRECATED] strlen(): Passing null to parameter #1 ($string) of type string is deprecated in APPPATH/ThirdParty/Titasictech/Titasictables.php on line 492.
 1 APPPATH/ThirdParty/Titasictech/Titasictables.php(492): strlen(null)
 2 APPPATH/ThirdParty/Titasictech/Titasictables.php(401): Titasictech\Titasictables->getTotalResults()
 3 APPPATH/ThirdParty/Titasictech/Titasictables.php(305): Titasictech\Titasictables->produceOutput('json', 'utf-8')
 4 APPPATH/Modules/Data/PenggunaRutin/Models/PenggunaRutinModel.php(70): Titasictech\Titasictables->generate()
 5 APPPATH/Modules/Data/PenggunaRutin/Controllers/PenggunaRutin.php(53): App\Modules\Data\PenggunaRutin\Models\PenggunaRutinModel->getDatatable()
 6 SYSTEMPATH/CodeIgniter.php(934): App\Modules\Data\PenggunaRutin\Controllers\PenggunaRutin->getDatatable()
 7 SYSTEMPATH/CodeIgniter.php(499): CodeIgniter\CodeIgniter->runController(Object(App\Modules\Data\PenggunaRutin\Controllers\PenggunaRutin))
 8 SYSTEMPATH/CodeIgniter.php(368): CodeIgniter\CodeIgniter->handleRequest(null, Object(Config\Cache), false)
 9 FCPATH/index.php(67): CodeIgniter\CodeIgniter->run()
WARNING - 2023-04-04 14:48:38 --> [DEPRECATED] strlen(): Passing null to parameter #1 ($string) of type string is deprecated in APPPATH/ThirdParty/Titasictech/Titasictables.php on line 492.
 1 APPPATH/ThirdParty/Titasictech/Titasictables.php(492): strlen(null)
 2 APPPATH/ThirdParty/Titasictech/Titasictables.php(402): Titasictech\Titasictables->getTotalResults(true)
 3 APPPATH/ThirdParty/Titasictech/Titasictables.php(305): Titasictech\Titasictables->produceOutput('json', 'utf-8')
 4 APPPATH/Modules/Data/PenggunaRutin/Models/PenggunaRutinModel.php(70): Titasictech\Titasictables->generate()
 5 APPPATH/Modules/Data/PenggunaRutin/Controllers/PenggunaRutin.php(53): App\Modules\Data\PenggunaRutin\Models\PenggunaRutinModel->getDatatable()
 6 SYSTEMPATH/CodeIgniter.php(934): App\Modules\Data\PenggunaRutin\Controllers\PenggunaRutin->getDatatable()
 7 SYSTEMPATH/CodeIgniter.php(499): CodeIgniter\CodeIgniter->runController(Object(App\Modules\Data\PenggunaRutin\Controllers\PenggunaRutin))
 8 SYSTEMPATH/CodeIgniter.php(368): CodeIgniter\CodeIgniter->handleRequest(null, Object(Config\Cache), false)
 9 FCPATH/index.php(67): CodeIgniter\CodeIgniter->run()
INFO - 2023-04-04 15:06:30 --> Session: Class initialized using 'CodeIgniter\Session\Handlers\FileHandler' driver.
INFO - 2023-04-04 15:06:30 --> Session: Class initialized using 'CodeIgniter\Session\Handlers\FileHandler' driver.
INFO - 2023-04-04 15:06:30 --> CSRF token verified.
WARNING - 2023-04-04 15:06:30 --> [DEPRECATED] strlen(): Passing null to parameter #1 ($string) of type string is deprecated in APPPATH/ThirdParty/Titasictech/Titasictables.php on line 492.
 1 APPPATH/ThirdParty/Titasictech/Titasictables.php(492): strlen(null)
 2 APPPATH/ThirdParty/Titasictech/Titasictables.php(401): Titasictech\Titasictables->getTotalResults()
 3 APPPATH/ThirdParty/Titasictech/Titasictables.php(305): Titasictech\Titasictables->produceOutput('json', 'utf-8')
 4 APPPATH/Modules/Data/PenggunaRutin/Models/PenggunaRutinModel.php(70): Titasictech\Titasictables->generate()
 5 APPPATH/Modules/Data/PenggunaRutin/Controllers/PenggunaRutin.php(53): App\Modules\Data\PenggunaRutin\Models\PenggunaRutinModel->getDatatable()
 6 SYSTEMPATH/CodeIgniter.php(934): App\Modules\Data\PenggunaRutin\Controllers\PenggunaRutin->getDatatable()
 7 SYSTEMPATH/CodeIgniter.php(499): CodeIgniter\CodeIgniter->runController(Object(App\Modules\Data\PenggunaRutin\Controllers\PenggunaRutin))
 8 SYSTEMPATH/CodeIgniter.php(368): CodeIgniter\CodeIgniter->handleRequest(null, Object(Config\Cache), false)
 9 FCPATH/index.php(67): CodeIgniter\CodeIgniter->run()
WARNING - 2023-04-04 15:06:30 --> [DEPRECATED] strlen(): Passing null to parameter #1 ($string) of type string is deprecated in APPPATH/ThirdParty/Titasictech/Titasictables.php on line 492.
 1 APPPATH/ThirdParty/Titasictech/Titasictables.php(492): strlen(null)
 2 APPPATH/ThirdParty/Titasictech/Titasictables.php(402): Titasictech\Titasictables->getTotalResults(true)
 3 APPPATH/ThirdParty/Titasictech/Titasictables.php(305): Titasictech\Titasictables->produceOutput('json', 'utf-8')
 4 APPPATH/Modules/Data/PenggunaRutin/Models/PenggunaRutinModel.php(70): Titasictech\Titasictables->generate()
 5 APPPATH/Modules/Data/PenggunaRutin/Controllers/PenggunaRutin.php(53): App\Modules\Data\PenggunaRutin\Models\PenggunaRutinModel->getDatatable()
 6 SYSTEMPATH/CodeIgniter.php(934): App\Modules\Data\PenggunaRutin\Controllers\PenggunaRutin->getDatatable()
 7 SYSTEMPATH/CodeIgniter.php(499): CodeIgniter\CodeIgniter->runController(Object(App\Modules\Data\PenggunaRutin\Controllers\PenggunaRutin))
 8 SYSTEMPATH/CodeIgniter.php(368): CodeIgniter\CodeIgniter->handleRequest(null, Object(Config\Cache), false)
 9 FCPATH/index.php(67): CodeIgniter\CodeIgniter->run()
INFO - 2023-04-04 15:17:22 --> Session: Class initialized using 'CodeIgniter\Session\Handlers\FileHandler' driver.
INFO - 2023-04-04 15:17:22 --> Session: Class initialized using 'CodeIgniter\Session\Handlers\FileHandler' driver.
INFO - 2023-04-04 15:17:22 --> CSRF token verified.
WARNING - 2023-04-04 15:17:22 --> [DEPRECATED] strlen(): Passing null to parameter #1 ($string) of type string is deprecated in APPPATH/ThirdParty/Titasictech/Titasictables.php on line 492.
 1 APPPATH/ThirdParty/Titasictech/Titasictables.php(492): strlen(null)
 2 APPPATH/ThirdParty/Titasictech/Titasictables.php(401): Titasictech\Titasictables->getTotalResults()
 3 APPPATH/ThirdParty/Titasictech/Titasictables.php(305): Titasictech\Titasictables->produceOutput('json', 'utf-8')
 4 APPPATH/Modules/Data/PenggunaRutin/Models/PenggunaRutinModel.php(70): Titasictech\Titasictables->generate()
 5 APPPATH/Modules/Data/PenggunaRutin/Controllers/PenggunaRutin.php(53): App\Modules\Data\PenggunaRutin\Models\PenggunaRutinModel->getDatatable()
 6 SYSTEMPATH/CodeIgniter.php(934): App\Modules\Data\PenggunaRutin\Controllers\PenggunaRutin->getDatatable()
 7 SYSTEMPATH/CodeIgniter.php(499): CodeIgniter\CodeIgniter->runController(Object(App\Modules\Data\PenggunaRutin\Controllers\PenggunaRutin))
 8 SYSTEMPATH/CodeIgniter.php(368): CodeIgniter\CodeIgniter->handleRequest(null, Object(Config\Cache), false)
 9 FCPATH/index.php(67): CodeIgniter\CodeIgniter->run()
WARNING - 2023-04-04 15:17:22 --> [DEPRECATED] strlen(): Passing null to parameter #1 ($string) of type string is deprecated in APPPATH/ThirdParty/Titasictech/Titasictables.php on line 492.
 1 APPPATH/ThirdParty/Titasictech/Titasictables.php(492): strlen(null)
 2 APPPATH/ThirdParty/Titasictech/Titasictables.php(402): Titasictech\Titasictables->getTotalResults(true)
 3 APPPATH/ThirdParty/Titasictech/Titasictables.php(305): Titasictech\Titasictables->produceOutput('json', 'utf-8')
 4 APPPATH/Modules/Data/PenggunaRutin/Models/PenggunaRutinModel.php(70): Titasictech\Titasictables->generate()
 5 APPPATH/Modules/Data/PenggunaRutin/Controllers/PenggunaRutin.php(53): App\Modules\Data\PenggunaRutin\Models\PenggunaRutinModel->getDatatable()
 6 SYSTEMPATH/CodeIgniter.php(934): App\Modules\Data\PenggunaRutin\Controllers\PenggunaRutin->getDatatable()
 7 SYSTEMPATH/CodeIgniter.php(499): CodeIgniter\CodeIgniter->runController(Object(App\Modules\Data\PenggunaRutin\Controllers\PenggunaRutin))
 8 SYSTEMPATH/CodeIgniter.php(368): CodeIgniter\CodeIgniter->handleRequest(null, Object(Config\Cache), false)
 9 FCPATH/index.php(67): CodeIgniter\CodeIgniter->run()
INFO - 2023-04-04 15:17:27 --> Session: Class initialized using 'CodeIgniter\Session\Handlers\FileHandler' driver.
INFO - 2023-04-04 15:17:27 --> CSRF token verified.
INFO - 2023-04-04 15:17:28 --> Session: Class initialized using 'CodeIgniter\Session\Handlers\FileHandler' driver.
INFO - 2023-04-04 15:17:28 --> CSRF token verified.
WARNING - 2023-04-04 15:17:28 --> [DEPRECATED] strlen(): Passing null to parameter #1 ($string) of type string is deprecated in APPPATH/ThirdParty/Titasictech/Titasictables.php on line 492.
 1 APPPATH/ThirdParty/Titasictech/Titasictables.php(492): strlen(null)
 2 APPPATH/ThirdParty/Titasictech/Titasictables.php(401): Titasictech\Titasictables->getTotalResults()
 3 APPPATH/ThirdParty/Titasictech/Titasictables.php(305): Titasictech\Titasictables->produceOutput('json', 'utf-8')
 4 APPPATH/Modules/Data/PenggunaRutin/Models/PenggunaRutinModel.php(70): Titasictech\Titasictables->generate()
 5 APPPATH/Modules/Data/PenggunaRutin/Controllers/PenggunaRutin.php(53): App\Modules\Data\PenggunaRutin\Models\PenggunaRutinModel->getDatatable()
 6 SYSTEMPATH/CodeIgniter.php(934): App\Modules\Data\PenggunaRutin\Controllers\PenggunaRutin->getDatatable()
 7 SYSTEMPATH/CodeIgniter.php(499): CodeIgniter\CodeIgniter->runController(Object(App\Modules\Data\PenggunaRutin\Controllers\PenggunaRutin))
 8 SYSTEMPATH/CodeIgniter.php(368): CodeIgniter\CodeIgniter->handleRequest(null, Object(Config\Cache), false)
 9 FCPATH/index.php(67): CodeIgniter\CodeIgniter->run()
WARNING - 2023-04-04 15:17:28 --> [DEPRECATED] strlen(): Passing null to parameter #1 ($string) of type string is deprecated in APPPATH/ThirdParty/Titasictech/Titasictables.php on line 492.
 1 APPPATH/ThirdParty/Titasictech/Titasictables.php(492): strlen(null)
 2 APPPATH/ThirdParty/Titasictech/Titasictables.php(402): Titasictech\Titasictables->getTotalResults(true)
 3 APPPATH/ThirdParty/Titasictech/Titasictables.php(305): Titasictech\Titasictables->produceOutput('json', 'utf-8')
 4 APPPATH/Modules/Data/PenggunaRutin/Models/PenggunaRutinModel.php(70): Titasictech\Titasictables->generate()
 5 APPPATH/Modules/Data/PenggunaRutin/Controllers/PenggunaRutin.php(53): App\Modules\Data\PenggunaRutin\Models\PenggunaRutinModel->getDatatable()
 6 SYSTEMPATH/CodeIgniter.php(934): App\Modules\Data\PenggunaRutin\Controllers\PenggunaRutin->getDatatable()
 7 SYSTEMPATH/CodeIgniter.php(499): CodeIgniter\CodeIgniter->runController(Object(App\Modules\Data\PenggunaRutin\Controllers\PenggunaRutin))
 8 SYSTEMPATH/CodeIgniter.php(368): CodeIgniter\CodeIgniter->handleRequest(null, Object(Config\Cache), false)
 9 FCPATH/index.php(67): CodeIgniter\CodeIgniter->run()
INFO - 2023-04-04 16:32:57 --> Session: Class initialized using 'CodeIgniter\Session\Handlers\FileHandler' driver.
INFO - 2023-04-04 16:32:57 --> Session: Class initialized using 'CodeIgniter\Session\Handlers\FileHandler' driver.
INFO - 2023-04-04 16:32:57 --> CSRF token verified.
WARNING - 2023-04-04 16:32:57 --> [DEPRECATED] strlen(): Passing null to parameter #1 ($string) of type string is deprecated in APPPATH/ThirdParty/Titasictech/Titasictables.php on line 492.
 1 APPPATH/ThirdParty/Titasictech/Titasictables.php(492): strlen(null)
 2 APPPATH/ThirdParty/Titasictech/Titasictables.php(401): Titasictech\Titasictables->getTotalResults()
 3 APPPATH/ThirdParty/Titasictech/Titasictables.php(305): Titasictech\Titasictables->produceOutput('json', 'utf-8')
 4 APPPATH/Modules/Data/PenggunaRutin/Models/PenggunaRutinModel.php(70): Titasictech\Titasictables->generate()
 5 APPPATH/Modules/Data/PenggunaRutin/Controllers/PenggunaRutin.php(53): App\Modules\Data\PenggunaRutin\Models\PenggunaRutinModel->getDatatable()
 6 SYSTEMPATH/CodeIgniter.php(934): App\Modules\Data\PenggunaRutin\Controllers\PenggunaRutin->getDatatable()
 7 SYSTEMPATH/CodeIgniter.php(499): CodeIgniter\CodeIgniter->runController(Object(App\Modules\Data\PenggunaRutin\Controllers\PenggunaRutin))
 8 SYSTEMPATH/CodeIgniter.php(368): CodeIgniter\CodeIgniter->handleRequest(null, Object(Config\Cache), false)
 9 FCPATH/index.php(67): CodeIgniter\CodeIgniter->run()
WARNING - 2023-04-04 16:32:57 --> [DEPRECATED] strlen(): Passing null to parameter #1 ($string) of type string is deprecated in APPPATH/ThirdParty/Titasictech/Titasictables.php on line 492.
 1 APPPATH/ThirdParty/Titasictech/Titasictables.php(492): strlen(null)
 2 APPPATH/ThirdParty/Titasictech/Titasictables.php(402): Titasictech\Titasictables->getTotalResults(true)
 3 APPPATH/ThirdParty/Titasictech/Titasictables.php(305): Titasictech\Titasictables->produceOutput('json', 'utf-8')
 4 APPPATH/Modules/Data/PenggunaRutin/Models/PenggunaRutinModel.php(70): Titasictech\Titasictables->generate()
 5 APPPATH/Modules/Data/PenggunaRutin/Controllers/PenggunaRutin.php(53): App\Modules\Data\PenggunaRutin\Models\PenggunaRutinModel->getDatatable()
 6 SYSTEMPATH/CodeIgniter.php(934): App\Modules\Data\PenggunaRutin\Controllers\PenggunaRutin->getDatatable()
 7 SYSTEMPATH/CodeIgniter.php(499): CodeIgniter\CodeIgniter->runController(Object(App\Modules\Data\PenggunaRutin\Controllers\PenggunaRutin))
 8 SYSTEMPATH/CodeIgniter.php(368): CodeIgniter\CodeIgniter->handleRequest(null, Object(Config\Cache), false)
 9 FCPATH/index.php(67): CodeIgniter\CodeIgniter->run()
INFO - 2023-04-04 17:24:13 --> Session: Class initialized using 'CodeIgniter\Session\Handlers\FileHandler' driver.
INFO - 2023-04-04 17:24:13 --> Session: Class initialized using 'CodeIgniter\Session\Handlers\FileHandler' driver.
INFO - 2023-04-04 17:24:13 --> CSRF token verified.
WARNING - 2023-04-04 17:24:13 --> [DEPRECATED] strlen(): Passing null to parameter #1 ($string) of type string is deprecated in APPPATH/ThirdParty/Titasictech/Titasictables.php on line 492.
 1 APPPATH/ThirdParty/Titasictech/Titasictables.php(492): strlen(null)
 2 APPPATH/ThirdParty/Titasictech/Titasictables.php(401): Titasictech\Titasictables->getTotalResults()
 3 APPPATH/ThirdParty/Titasictech/Titasictables.php(305): Titasictech\Titasictables->produceOutput('json', 'utf-8')
 4 APPPATH/Modules/Data/PenggunaRutin/Models/PenggunaRutinModel.php(70): Titasictech\Titasictables->generate()
 5 APPPATH/Modules/Data/PenggunaRutin/Controllers/PenggunaRutin.php(53): App\Modules\Data\PenggunaRutin\Models\PenggunaRutinModel->getDatatable()
 6 SYSTEMPATH/CodeIgniter.php(934): App\Modules\Data\PenggunaRutin\Controllers\PenggunaRutin->getDatatable()
 7 SYSTEMPATH/CodeIgniter.php(499): CodeIgniter\CodeIgniter->runController(Object(App\Modules\Data\PenggunaRutin\Controllers\PenggunaRutin))
 8 SYSTEMPATH/CodeIgniter.php(368): CodeIgniter\CodeIgniter->handleRequest(null, Object(Config\Cache), false)
 9 FCPATH/index.php(67): CodeIgniter\CodeIgniter->run()
WARNING - 2023-04-04 17:24:13 --> [DEPRECATED] strlen(): Passing null to parameter #1 ($string) of type string is deprecated in APPPATH/ThirdParty/Titasictech/Titasictables.php on line 492.
 1 APPPATH/ThirdParty/Titasictech/Titasictables.php(492): strlen(null)
 2 APPPATH/ThirdParty/Titasictech/Titasictables.php(402): Titasictech\Titasictables->getTotalResults(true)
 3 APPPATH/ThirdParty/Titasictech/Titasictables.php(305): Titasictech\Titasictables->produceOutput('json', 'utf-8')
 4 APPPATH/Modules/Data/PenggunaRutin/Models/PenggunaRutinModel.php(70): Titasictech\Titasictables->generate()
 5 APPPATH/Modules/Data/PenggunaRutin/Controllers/PenggunaRutin.php(53): App\Modules\Data\PenggunaRutin\Models\PenggunaRutinModel->getDatatable()
 6 SYSTEMPATH/CodeIgniter.php(934): App\Modules\Data\PenggunaRutin\Controllers\PenggunaRutin->getDatatable()
 7 SYSTEMPATH/CodeIgniter.php(499): CodeIgniter\CodeIgniter->runController(Object(App\Modules\Data\PenggunaRutin\Controllers\PenggunaRutin))
 8 SYSTEMPATH/CodeIgniter.php(368): CodeIgniter\CodeIgniter->handleRequest(null, Object(Config\Cache), false)
 9 FCPATH/index.php(67): CodeIgniter\CodeIgniter->run()
INFO - 2023-04-04 17:24:18 --> Session: Class initialized using 'CodeIgniter\Session\Handlers\FileHandler' driver.
INFO - 2023-04-04 17:24:19 --> Session: Class initialized using 'CodeIgniter\Session\Handlers\FileHandler' driver.
INFO - 2023-04-04 17:24:19 --> CSRF token verified.
WARNING - 2023-04-04 17:24:19 --> [DEPRECATED] strlen(): Passing null to parameter #1 ($string) of type string is deprecated in APPPATH/ThirdParty/Titasictech/Titasictables.php on line 492.
 1 APPPATH/ThirdParty/Titasictech/Titasictables.php(492): strlen(null)
 2 APPPATH/ThirdParty/Titasictech/Titasictables.php(401): Titasictech\Titasictables->getTotalResults()
 3 APPPATH/ThirdParty/Titasictech/Titasictables.php(305): Titasictech\Titasictables->produceOutput('json', 'utf-8')
 4 APPPATH/Modules/Data/PenggunaRutin/Models/PenggunaRutinModel.php(70): Titasictech\Titasictables->generate()
 5 APPPATH/Modules/Data/PenggunaRutin/Controllers/PenggunaRutin.php(53): App\Modules\Data\PenggunaRutin\Models\PenggunaRutinModel->getDatatable()
 6 SYSTEMPATH/CodeIgniter.php(934): App\Modules\Data\PenggunaRutin\Controllers\PenggunaRutin->getDatatable()
 7 SYSTEMPATH/CodeIgniter.php(499): CodeIgniter\CodeIgniter->runController(Object(App\Modules\Data\PenggunaRutin\Controllers\PenggunaRutin))
 8 SYSTEMPATH/CodeIgniter.php(368): CodeIgniter\CodeIgniter->handleRequest(null, Object(Config\Cache), false)
 9 FCPATH/index.php(67): CodeIgniter\CodeIgniter->run()
WARNING - 2023-04-04 17:24:19 --> [DEPRECATED] strlen(): Passing null to parameter #1 ($string) of type string is deprecated in APPPATH/ThirdParty/Titasictech/Titasictables.php on line 492.
 1 APPPATH/ThirdParty/Titasictech/Titasictables.php(492): strlen(null)
 2 APPPATH/ThirdParty/Titasictech/Titasictables.php(402): Titasictech\Titasictables->getTotalResults(true)
 3 APPPATH/ThirdParty/Titasictech/Titasictables.php(305): Titasictech\Titasictables->produceOutput('json', 'utf-8')
 4 APPPATH/Modules/Data/PenggunaRutin/Models/PenggunaRutinModel.php(70): Titasictech\Titasictables->generate()
 5 APPPATH/Modules/Data/PenggunaRutin/Controllers/PenggunaRutin.php(53): App\Modules\Data\PenggunaRutin\Models\PenggunaRutinModel->getDatatable()
 6 SYSTEMPATH/CodeIgniter.php(934): App\Modules\Data\PenggunaRutin\Controllers\PenggunaRutin->getDatatable()
 7 SYSTEMPATH/CodeIgniter.php(499): CodeIgniter\CodeIgniter->runController(Object(App\Modules\Data\PenggunaRutin\Controllers\PenggunaRutin))
 8 SYSTEMPATH/CodeIgniter.php(368): CodeIgniter\CodeIgniter->handleRequest(null, Object(Config\Cache), false)
 9 FCPATH/index.php(67): CodeIgniter\CodeIgniter->run()
INFO - 2023-04-04 17:24:25 --> Session: Class initialized using 'CodeIgniter\Session\Handlers\FileHandler' driver.
INFO - 2023-04-04 17:24:26 --> Session: Class initialized using 'CodeIgniter\Session\Handlers\FileHandler' driver.
INFO - 2023-04-04 17:24:26 --> CSRF token verified.
WARNING - 2023-04-04 17:24:26 --> [DEPRECATED] strlen(): Passing null to parameter #1 ($string) of type string is deprecated in APPPATH/ThirdParty/Titasictech/Titasictables.php on line 492.
 1 APPPATH/ThirdParty/Titasictech/Titasictables.php(492): strlen(null)
 2 APPPATH/ThirdParty/Titasictech/Titasictables.php(401): Titasictech\Titasictables->getTotalResults()
 3 APPPATH/ThirdParty/Titasictech/Titasictables.php(305): Titasictech\Titasictables->produceOutput('json', 'utf-8')
 4 APPPATH/Modules/Data/PenggunaRutin/Models/PenggunaRutinModel.php(70): Titasictech\Titasictables->generate()
 5 APPPATH/Modules/Data/PenggunaRutin/Controllers/PenggunaRutin.php(53): App\Modules\Data\PenggunaRutin\Models\PenggunaRutinModel->getDatatable()
 6 SYSTEMPATH/CodeIgniter.php(934): App\Modules\Data\PenggunaRutin\Controllers\PenggunaRutin->getDatatable()
 7 SYSTEMPATH/CodeIgniter.php(499): CodeIgniter\CodeIgniter->runController(Object(App\Modules\Data\PenggunaRutin\Controllers\PenggunaRutin))
 8 SYSTEMPATH/CodeIgniter.php(368): CodeIgniter\CodeIgniter->handleRequest(null, Object(Config\Cache), false)
 9 FCPATH/index.php(67): CodeIgniter\CodeIgniter->run()
WARNING - 2023-04-04 17:24:26 --> [DEPRECATED] strlen(): Passing null to parameter #1 ($string) of type string is deprecated in APPPATH/ThirdParty/Titasictech/Titasictables.php on line 492.
 1 APPPATH/ThirdParty/Titasictech/Titasictables.php(492): strlen(null)
 2 APPPATH/ThirdParty/Titasictech/Titasictables.php(402): Titasictech\Titasictables->getTotalResults(true)
 3 APPPATH/ThirdParty/Titasictech/Titasictables.php(305): Titasictech\Titasictables->produceOutput('json', 'utf-8')
 4 APPPATH/Modules/Data/PenggunaRutin/Models/PenggunaRutinModel.php(70): Titasictech\Titasictables->generate()
 5 APPPATH/Modules/Data/PenggunaRutin/Controllers/PenggunaRutin.php(53): App\Modules\Data\PenggunaRutin\Models\PenggunaRutinModel->getDatatable()
 6 SYSTEMPATH/CodeIgniter.php(934): App\Modules\Data\PenggunaRutin\Controllers\PenggunaRutin->getDatatable()
 7 SYSTEMPATH/CodeIgniter.php(499): CodeIgniter\CodeIgniter->runController(Object(App\Modules\Data\PenggunaRutin\Controllers\PenggunaRutin))
 8 SYSTEMPATH/CodeIgniter.php(368): CodeIgniter\CodeIgniter->handleRequest(null, Object(Config\Cache), false)
 9 FCPATH/index.php(67): CodeIgniter\CodeIgniter->run()
INFO - 2023-04-04 18:04:23 --> Session: Class initialized using 'CodeIgniter\Session\Handlers\FileHandler' driver.
INFO - 2023-04-04 18:04:23 --> Session: Class initialized using 'CodeIgniter\Session\Handlers\FileHandler' driver.
INFO - 2023-04-04 18:04:23 --> CSRF token verified.
WARNING - 2023-04-04 18:04:23 --> [DEPRECATED] strlen(): Passing null to parameter #1 ($string) of type string is deprecated in APPPATH/ThirdParty/Titasictech/Titasictables.php on line 492.
 1 APPPATH/ThirdParty/Titasictech/Titasictables.php(492): strlen(null)
 2 APPPATH/ThirdParty/Titasictech/Titasictables.php(401): Titasictech\Titasictables->getTotalResults()
 3 APPPATH/ThirdParty/Titasictech/Titasictables.php(305): Titasictech\Titasictables->produceOutput('json', 'utf-8')
 4 APPPATH/Modules/Data/PenggunaRutin/Models/PenggunaRutinModel.php(70): Titasictech\Titasictables->generate()
 5 APPPATH/Modules/Data/PenggunaRutin/Controllers/PenggunaRutin.php(53): App\Modules\Data\PenggunaRutin\Models\PenggunaRutinModel->getDatatable()
 6 SYSTEMPATH/CodeIgniter.php(934): App\Modules\Data\PenggunaRutin\Controllers\PenggunaRutin->getDatatable()
 7 SYSTEMPATH/CodeIgniter.php(499): CodeIgniter\CodeIgniter->runController(Object(App\Modules\Data\PenggunaRutin\Controllers\PenggunaRutin))
 8 SYSTEMPATH/CodeIgniter.php(368): CodeIgniter\CodeIgniter->handleRequest(null, Object(Config\Cache), false)
 9 FCPATH/index.php(67): CodeIgniter\CodeIgniter->run()
WARNING - 2023-04-04 18:04:23 --> [DEPRECATED] strlen(): Passing null to parameter #1 ($string) of type string is deprecated in APPPATH/ThirdParty/Titasictech/Titasictables.php on line 492.
 1 APPPATH/ThirdParty/Titasictech/Titasictables.php(492): strlen(null)
 2 APPPATH/ThirdParty/Titasictech/Titasictables.php(402): Titasictech\Titasictables->getTotalResults(true)
 3 APPPATH/ThirdParty/Titasictech/Titasictables.php(305): Titasictech\Titasictables->produceOutput('json', 'utf-8')
 4 APPPATH/Modules/Data/PenggunaRutin/Models/PenggunaRutinModel.php(70): Titasictech\Titasictables->generate()
 5 APPPATH/Modules/Data/PenggunaRutin/Controllers/PenggunaRutin.php(53): App\Modules\Data\PenggunaRutin\Models\PenggunaRutinModel->getDatatable()
 6 SYSTEMPATH/CodeIgniter.php(934): App\Modules\Data\PenggunaRutin\Controllers\PenggunaRutin->getDatatable()
 7 SYSTEMPATH/CodeIgniter.php(499): CodeIgniter\CodeIgniter->runController(Object(App\Modules\Data\PenggunaRutin\Controllers\PenggunaRutin))
 8 SYSTEMPATH/CodeIgniter.php(368): CodeIgniter\CodeIgniter->handleRequest(null, Object(Config\Cache), false)
 9 FCPATH/index.php(67): CodeIgniter\CodeIgniter->run()
INFO - 2023-04-04 18:04:26 --> Session: Class initialized using 'CodeIgniter\Session\Handlers\FileHandler' driver.
INFO - 2023-04-04 18:04:26 --> Session: Class initialized using 'CodeIgniter\Session\Handlers\FileHandler' driver.
INFO - 2023-04-04 18:04:26 --> CSRF token verified.
WARNING - 2023-04-04 18:04:26 --> [DEPRECATED] strlen(): Passing null to parameter #1 ($string) of type string is deprecated in APPPATH/ThirdParty/Titasictech/Titasictables.php on line 492.
 1 APPPATH/ThirdParty/Titasictech/Titasictables.php(492): strlen(null)
 2 APPPATH/ThirdParty/Titasictech/Titasictables.php(401): Titasictech\Titasictables->getTotalResults()
 3 APPPATH/ThirdParty/Titasictech/Titasictables.php(305): Titasictech\Titasictables->produceOutput('json', 'utf-8')
 4 APPPATH/Modules/Data/PenggunaRutin/Models/PenggunaRutinModel.php(70): Titasictech\Titasictables->generate()
 5 APPPATH/Modules/Data/PenggunaRutin/Controllers/PenggunaRutin.php(53): App\Modules\Data\PenggunaRutin\Models\PenggunaRutinModel->getDatatable()
 6 SYSTEMPATH/CodeIgniter.php(934): App\Modules\Data\PenggunaRutin\Controllers\PenggunaRutin->getDatatable()
 7 SYSTEMPATH/CodeIgniter.php(499): CodeIgniter\CodeIgniter->runController(Object(App\Modules\Data\PenggunaRutin\Controllers\PenggunaRutin))
 8 SYSTEMPATH/CodeIgniter.php(368): CodeIgniter\CodeIgniter->handleRequest(null, Object(Config\Cache), false)
 9 FCPATH/index.php(67): CodeIgniter\CodeIgniter->run()
WARNING - 2023-04-04 18:04:26 --> [DEPRECATED] strlen(): Passing null to parameter #1 ($string) of type string is deprecated in APPPATH/ThirdParty/Titasictech/Titasictables.php on line 492.
 1 APPPATH/ThirdParty/Titasictech/Titasictables.php(492): strlen(null)
 2 APPPATH/ThirdParty/Titasictech/Titasictables.php(402): Titasictech\Titasictables->getTotalResults(true)
 3 APPPATH/ThirdParty/Titasictech/Titasictables.php(305): Titasictech\Titasictables->produceOutput('json', 'utf-8')
 4 APPPATH/Modules/Data/PenggunaRutin/Models/PenggunaRutinModel.php(70): Titasictech\Titasictables->generate()
 5 APPPATH/Modules/Data/PenggunaRutin/Controllers/PenggunaRutin.php(53): App\Modules\Data\PenggunaRutin\Models\PenggunaRutinModel->getDatatable()
 6 SYSTEMPATH/CodeIgniter.php(934): App\Modules\Data\PenggunaRutin\Controllers\PenggunaRutin->getDatatable()
 7 SYSTEMPATH/CodeIgniter.php(499): CodeIgniter\CodeIgniter->runController(Object(App\Modules\Data\PenggunaRutin\Controllers\PenggunaRutin))
 8 SYSTEMPATH/CodeIgniter.php(368): CodeIgniter\CodeIgniter->handleRequest(null, Object(Config\Cache), false)
 9 FCPATH/index.php(67): CodeIgniter\CodeIgniter->run()
INFO - 2023-04-04 18:04:31 --> Session: Class initialized using 'CodeIgniter\Session\Handlers\FileHandler' driver.
CRITICAL - 2023-04-04 18:04:31 --> Class "App\Modules\Data\PeminjamanOperasional\Models\PeminjamanOperasionalModel" not found
in APPPATH/Modules/Data/PeminjamanOperasional/Controllers/PeminjamanOperasional.php on line 24.
 1 SYSTEMPATH/CodeIgniter.php(906): App\Modules\Data\PeminjamanOperasional\Controllers\PeminjamanOperasional->__construct()
 2 SYSTEMPATH/CodeIgniter.php(490): CodeIgniter\CodeIgniter->createController()
 3 SYSTEMPATH/CodeIgniter.php(368): CodeIgniter\CodeIgniter->handleRequest()
 4 FCPATH/index.php(67): CodeIgniter\CodeIgniter->run()
